<?xml version="1.0" encoding="UTF-8"?>
<!-- Generated by org.testng.reporters.JUnitReportReporter -->
<testsuite hostname="AELPT-0910" failures="0" tests="4" name="com.ae.qa.tests.TenantUser.RequestPageTestTU" time="87.523" errors="0" timestamp="2024-07-01T15:34:02 IST" skipped="0">
  <testcase classname="com.ae.qa.tests.TenantUser.RequestPageTestTU" name="validateCheckColumnInRequestTUTest" time="21.478"/>
  <system-out>
    <![CDATA[User logged in successfully
Requests Tab is clicked
All Column got displayed in records after Checking select All checkbox.
User signed out successfully]]>
  </system-out>
  <testcase classname="com.ae.qa.tests.TenantUser.RequestPageTestTU" name="validateUncheckColumnInRequestTUTest" time="20.168"/>
  <system-out>
    <![CDATA[User logged in successfully
Requests Tab is clicked
Select All Checkbox is not already selected, Hence selected twice to deselect it.
Selected count of No. of colums 3
Total No of columns in table: 3
Field of Columns: Id
Field of Columns: Workflow Name
Field of Columns: Status
Column Value found
All Options got deselected except Id,Workflow Name,Status.
User signed out successfully]]>
  </system-out>
  <testcase classname="com.ae.qa.tests.TenantUser.RequestPageTestTU" name="validateSpecificColumnInRequestTUTest" time="25.944"/>
  <system-out>
    <![CDATA[User logged in successfully
Requests Tab is clicked
Select All Checkbox is not already selected, Hence selected twice to deselect it.
Field of Columns: Id
Field of Columns: Workflow Name
Field of Columns: Priority
Field of Columns: Status
Field of Columns: Completed
Column Value found
All columns selected found in table.
User signed out successfully]]>
  </system-out>
  <testcase classname="com.ae.qa.tests.TenantUser.RequestPageTestTU" name="validateDownloadRequestTUTest" time="19.933"/>
  <system-out>
    <![CDATA[User logged in successfully
Requests Tab is clicked
Download button is clicked & request download started
User signed out successfully]]>
  </system-out>
</testsuite> <!-- com.ae.qa.tests.TenantUser.RequestPageTestTU -->
