<?xml version="1.0" encoding="UTF-8"?>
<!-- Generated by org.testng.reporters.JUnitReportReporter -->
<testsuite hostname="AELPT-0910" failures="0" tests="1" name="com.ae.qa.tests.TenantAdmin.AgentLogsPageTestTA" time="71.378" errors="0" timestamp="2024-06-13T12:08:40 IST" skipped="0">
  <testcase classname="com.ae.qa.tests.TenantAdmin.AgentLogsPageTestTA" name="validateAssistedAgentLogsTest" time="71.378"/>
  <system-out>
    <![CDATA[User logged in successfully
Agent Logs Tab is clicked
New Request button is clicked
agent Radio button is selected by default
Agent is been selected
Start Date selected
End Date selected
Agent log submitted successfully
Actual Success Msg:Request submitted successfully
Expected Success Msg:Request submitted successfully
Agent logs request submitted successfully
Actual Success Msg:Download started
Expected Success Msg:Download started
Agents log downloaded successfully for Agent rohil.kumbhar@AELPT-0910
User signed out successfully]]>
  </system-out>
</testsuite> <!-- com.ae.qa.tests.TenantAdmin.AgentLogsPageTestTA -->
