<?xml version="1.0" encoding="UTF-8"?>
<!-- Generated by org.testng.reporters.JUnitReportReporter -->
<testsuite hostname="AELPT-0910" failures="0" tests="1" name="com.ae.qa.tests.Sysadmin.HomePageTest" time="30.608" errors="0" timestamp="2024-06-05T13:59:10 IST" skipped="0">
  <testcase classname="com.ae.qa.tests.Sysadmin.HomePageTest" name="validateSearchFunctionalityTest" time="30.608"/>
  <system-out>
    <![CDATA[User log in Successfully
User searched for functionality: Logs and Found is: Logs
Search Functionality working properly]]>
  </system-out>
</testsuite> <!-- com.ae.qa.tests.Sysadmin.HomePageTest -->
