<?xml version="1.0" encoding="UTF-8"?>
<!-- Generated by org.testng.reporters.JUnitReportReporter -->
<testsuite hostname="AELPT-0910" failures="0" tests="1" name="com.ae.qa.testcases.RolesPageTest" time="112.109" errors="0" timestamp="2023-08-28T20:37:34 IST" skipped="0">
  <testcase classname="com.ae.qa.testcases.RolesPageTest" name="createUserDefinedRolesSATest" time="112.109"/>
  <system-out>
    <![CDATA[User logged in successfully
Roles tab is clicked successfully
User defined roles button is clicked successfully
New Role button is clicked successfully
Role is selected successfully
Web Portal Access is selected successfully
Save button is clicked successfully
Custom User Role is created successfully
User logged in successfully
User is created successfully
System Admin is verified and present in the webtable
User changed first time password of sysadmin Successfully]]>
  </system-out>
</testsuite> <!-- com.ae.qa.testcases.RolesPageTest -->
