<?xml version="1.0" encoding="UTF-8"?>
<!-- Generated by org.testng.reporters.JUnitReportReporter -->
<testsuite hostname="AELPT-0910" failures="0" tests="6" name="com.ae.qa.tests.Sysadmin.SecurityQuestionsPageTest" time="235.009" errors="0" timestamp="2024-06-06T13:23:21 IST" skipped="0">
  <testcase classname="com.ae.qa.tests.Sysadmin.SecurityQuestionsPageTest" name="validateSkipQuesTest" time="32.554"/>
  <system-out>
    <![CDATA[User log in Successfully
User skipped the set security question and navigated to Tenants Tab]]>
  </system-out>
  <testcase classname="com.ae.qa.tests.Sysadmin.SecurityQuestionsPageTest" name="validateSecurityQuesTest" time="41.485"/>
  <system-out>
    <![CDATA[User log in Successfully
Security questions set successfully]]>
  </system-out>
  <testcase classname="com.ae.qa.tests.Sysadmin.SecurityQuestionsPageTest" name="validateUpdatingSecQuesWithWrongPswdTest" time="41.037"/>
  <system-out>
    <![CDATA[User log in Successfully
Security questions can not be updated due to wrong password]]>
  </system-out>
  <testcase classname="com.ae.qa.tests.Sysadmin.SecurityQuestionsPageTest" name="validateUpdatingSecurityQuesTest" time="38.544"/>
  <system-out>
    <![CDATA[User log in Successfully
Security questions updated successfully]]>
  </system-out>
  <testcase classname="com.ae.qa.tests.Sysadmin.SecurityQuestionsPageTest" name="validateSkipThenSetQuesTest" time="52.181"/>
  <system-out>
    <![CDATA[User changed first time password of sysadmin Successfully
User log in Successfully
User first skip the security question and then set security questions successfully]]>
  </system-out>
  <testcase classname="com.ae.qa.tests.Sysadmin.SecurityQuestionsPageTest" name="validateSecurityQuestionsPageTest" time="29.208"/>
  <system-out>
    <![CDATA[User log in Successfully
Actual page title displayed on screen is: Reset Security Questions and Expected page title is: Reset Security Questions
Respective Page is clicked and appropriate page is loaded properly]]>
  </system-out>
</testsuite> <!-- com.ae.qa.tests.Sysadmin.SecurityQuestionsPageTest -->
