<?xml version="1.0" encoding="UTF-8"?>
<!-- Generated by org.testng.reporters.JUnitReportReporter -->
<testsuite hostname="AELPT-0910" failures="0" tests="2" name="com.ae.qa.tests.Sysadmin.WorkflowsPageTest" time="74.472" errors="0" timestamp="2024-06-05T18:43:55 IST" skipped="0">
  <testcase classname="com.ae.qa.tests.Sysadmin.WorkflowsPageTest" name="validateDisableWorkflowsTest" time="37.695"/>
  <system-out>
    <![CDATA[User log in Successfully
Opertaion of Disable all workflows is selected from dropdown
Plugin Update checkbox selected
Disable button is selected, now verify message
Message get after disabling workflow: Workflow disabled
Workflow disabled successfully]]>
  </system-out>
  <testcase classname="com.ae.qa.tests.Sysadmin.WorkflowsPageTest" name="validateEnableWorkflowsTest" time="36.777"/>
  <system-out>
    <![CDATA[User log in Successfully
Opertaion of Enable all workflows is selected from dropdown
Plugin Update checkbox selected
Enable button is selected, now verify message
Message get after enabling workflow: Workflow enabled successfully
Workflow enabled successfully]]>
  </system-out>
</testsuite> <!-- com.ae.qa.tests.Sysadmin.WorkflowsPageTest -->
