<?xml version="1.0" encoding="UTF-8"?>
<!-- Generated by org.testng.reporters.JUnitReportReporter -->
<testsuite hostname="AELPT-0910" failures="0" tests="1" name="com.ae.qa.testcases.HomePageTest" time="30.968" errors="0" timestamp="2023-10-04T17:20:13 IST" skipped="0">
  <testcase classname="com.ae.qa.testcases.HomePageTest" name="validateSearchFunctionalityTest" time="30.968"/>
  <system-out>
    <![CDATA[User log in Successfully
User searched for functionality: Logs and Found is: Logs
Search Functionality working properly]]>
  </system-out>
</testsuite> <!-- com.ae.qa.testcases.HomePageTest -->
