<?xml version="1.0" encoding="UTF-8"?>
<!-- Generated by org.testng.reporters.JUnitReportReporter -->
<testsuite hostname="AELPT-0910" failures="0" tests="2" name="com.ae.qa.testcases.PluginsPageTest" time="243.181" errors="0" timestamp="2023-08-21T12:54:40 IST" skipped="0">
  <testcase classname="com.ae.qa.testcases.PluginsPageTest" name="validateUploadPluginsTest" time="124.285"/>
  <system-out>
    <![CDATA[User log in Successfully
Plugins Tab is selected
Upload zip button clicked
Plugin zip started uploading
Upgrade all plugin checkbox is selected
Assign to all checkbox is selected
Save button is selected]]>
  </system-out>
  <testcase classname="com.ae.qa.testcases.PluginsPageTest" name="validateUploadPluginsTest" time="118.896"/>
  <system-out>
    <![CDATA[User log in Successfully
Plugins Tab is selected
Upload zip button clicked
Plugin zip started uploading
Upgrade all plugin checkbox is selected
Assign to all checkbox is selected
Save button is selected]]>
  </system-out>
</testsuite> <!-- com.ae.qa.testcases.PluginsPageTest -->
