<?xml version="1.0" encoding="UTF-8"?>
<!-- Generated by org.testng.reporters.JUnitReportReporter -->
<testsuite hostname="AELPT-0910" failures="0" tests="8" name="com.ae.qa.tests.TenantAdmin.HolidayCalenderPageTestTA" time="295.855" errors="0" timestamp="2024-06-07T15:50:16 IST" skipped="0">
  <testcase classname="com.ae.qa.tests.TenantAdmin.HolidayCalenderPageTestTA" name="validateRemoveHolidayListDatesTest" time="50.707"/>
  <system-out>
    <![CDATA[User logged in successfully
Holiday Calender Tab is clicked
User signed out successfully]]>
  </system-out>
  <testcase classname="com.ae.qa.tests.TenantAdmin.HolidayCalenderPageTestTA" name="validateCreateCloneHolidayCalenderTest" time="26.982"/>
  <system-out>
    <![CDATA[User logged in successfully
Holiday Calender Tab is clicked
User signed out successfully]]>
  </system-out>
  <testcase classname="com.ae.qa.tests.TenantAdmin.HolidayCalenderPageTestTA" name="validateEditCloneHolidayCalenderTest" time="34.367"/>
  <system-out>
    <![CDATA[User logged in successfully
Holiday Calender Tab is clicked
User signed out successfully]]>
  </system-out>
  <testcase classname="com.ae.qa.tests.TenantAdmin.HolidayCalenderPageTestTA" name="validateRenewHoildayCalenderTest" time="52.940"/>
  <system-out>
    <![CDATA[User logged in successfully
Holiday Calender Tab is clicked
User signed out successfully]]>
  </system-out>
  <testcase classname="com.ae.qa.tests.TenantAdmin.HolidayCalenderPageTestTA" name="validateEditRenewHolidayCalenderTest" time="34.937"/>
  <system-out>
    <![CDATA[User logged in successfully
Holiday Calender Tab is clicked
User signed out successfully]]>
  </system-out>
  <testcase classname="com.ae.qa.tests.TenantAdmin.HolidayCalenderPageTestTA" name="validateRemoveHoildayDatesRenewTest" time="50.639"/>
  <system-out>
    <![CDATA[User logged in successfully
Holiday Calender Tab is clicked
User signed out successfully]]>
  </system-out>
  <testcase classname="com.ae.qa.tests.TenantAdmin.HolidayCalenderPageTestTA" name="validateDeleteHolidayCalenderTest" time="26.802"/>
  <system-out>
    <![CDATA[User logged in successfully
Holiday Calender Tab is clicked
User signed out successfully]]>
  </system-out>
  <testcase classname="com.ae.qa.tests.TenantAdmin.HolidayCalenderPageTestTA" name="validateHolidayCalenderPageTest" time="18.481"/>
  <system-out>
    <![CDATA[User logged in successfully
Actual page title displayed on screen is: Holiday Calendar and Expected page title is: Holiday Calendar
Respective Page is clicked and appropriate page is loaded properly
User signed out successfully]]>
  </system-out>
</testsuite> <!-- com.ae.qa.tests.TenantAdmin.HolidayCalenderPageTestTA -->
