<?xml version="1.0" encoding="UTF-8"?>
<!-- Generated by org.testng.reporters.JUnitReportReporter -->
<testsuite hostname="AELPT-0910" failures="0" tests="3" name="com.ae.qa.tests.Sysadmin.IntegrationServicePageTest" time="93.237" errors="0" timestamp="2024-06-05T14:16:38 IST" skipped="0">
  <testcase classname="com.ae.qa.tests.Sysadmin.IntegrationServicePageTest" name="validateEditConfJobLowerLimitIntegrationServicesTest" time="34.748"/>
  <system-out>
    <![CDATA[User log in Successfully
Actual Service Name in Integration table: IntService1 and Expected Servicename in Integrationtable: IntService1
Integration service edited successfully]]>
  </system-out>
  <testcase classname="com.ae.qa.tests.Sysadmin.IntegrationServicePageTest" name="validateEditUpdateResponseJobLowerLimitIntegrationServicesTest" time="32.057"/>
  <system-out>
    <![CDATA[User log in Successfully
Actual Service Name in Integration table: IntService1 and Expected Servicename in Integrationtable: IntService1
Integration service edited successfully]]>
  </system-out>
  <testcase classname="com.ae.qa.tests.Sysadmin.IntegrationServicePageTest" name="validateIntegrationServiceStatusTest" time="26.432"/>
  <system-out>
    <![CDATA[User log in Successfully
Actual Status of Integration service: Stopped and Expected Status of Integration service: table: Stopped]]>
  </system-out>
</testsuite> <!-- com.ae.qa.tests.Sysadmin.IntegrationServicePageTest -->
