<?xml version="1.0" encoding="UTF-8"?>
<!-- Generated by org.testng.reporters.JUnitReportReporter -->
<testsuite hostname="aedbserver" failures="0" tests="6" name="com.ae.qa.testcasesTenantAdmin.IntegrationServicePageTestTA" time="234.995" errors="0" timestamp="2023-04-19T10:33:45 IST" skipped="0">
  <testcase classname="com.ae.qa.testcasesTenantAdmin.IntegrationServicePageTestTA" name="validateAddIntegrationServicesTATest" time="73.707"/>
  <system-out>
    <![CDATA[User log in Successfully
Create Button is clicked
Actual values in Integration table: LPT-0919
Actual details of Integration service in table are :[LPT-0919]
Actual values in Integration table: MadhuRani2
Actual details of Integration service in table are :[LPT-0919, MadhuRani2]
Actual values in Integration table: 10.81.24.109
Actual details of Integration service in table are :[LPT-0919, MadhuRani2, 10.81.24.109]
Actual values in Integration table: 5901
Actual details of Integration service in table are :[LPT-0919, MadhuRani2, 10.81.24.109, 5901]
Expected details of Integration service in table are: [LPT-0919, MadhuRani2, 10.81.24.109, 5901]
Integration service details verified in table
User signed out successfully]]>
  </system-out>
  <testcase classname="com.ae.qa.testcasesTenantAdmin.IntegrationServicePageTestTA" name="validateEditIntegrationServicesTATest" time="33.364"/>
  <system-out>
    <![CDATA[User log in Successfully
Edit button clicked, Service with IntService1ForMadhuRani2 name is editing
UserName is edited
Update Button is clicked, now validate the change in table
Actual Machine Name in Integration table: VM-0163 and Expected Machinename in Integrationtable: VM-0163
Integration service edited successfully
User signed out successfully]]>
  </system-out>
  <testcase classname="com.ae.qa.testcasesTenantAdmin.IntegrationServicePageTestTA" name="validateDownloadIntegrationServicesTATest" time="28.763"/>
  <system-out>
    <![CDATA[User log in Successfully
Download button clicked and downloading integrtration service started
User signed out successfully]]>
  </system-out>
  <testcase classname="com.ae.qa.testcasesTenantAdmin.IntegrationServicePageTestTA" name="validateIntegrationServicesPageTATest" time="32.161"/>
  <system-out>
    <![CDATA[User log in Successfully
Actual page title displayed on screen is: Services and Expected page title is: Services
Respective Page is clicked and appropriate page is loaded properly
User signed out successfully]]>
  </system-out>
  <testcase classname="com.ae.qa.testcasesTenantAdmin.IntegrationServicePageTestTA" name="validateEditConfJobLowerLimitIntegrationServicesTATest" time="34.130"/>
  <system-out>
    <![CDATA[User log in Successfully
Actual Service Name in Integration table: IntService1ForMadhuRani2 and Expected Servicename in Integrationtable: IntService1ForMadhuRani2
Integration service edited successfully
User signed out successfully]]>
  </system-out>
  <testcase classname="com.ae.qa.testcasesTenantAdmin.IntegrationServicePageTestTA" name="validateEditUpdateResponseJobLowerLimitIntegrationServicesTATest" time="32.870"/>
  <system-out>
    <![CDATA[User log in Successfully
Actual Service Name in Integration table: IntService1ForMadhuRani2 and Expected Servicename in Integrationtable: IntService1ForMadhuRani2
Integration service edited successfully
User signed out successfully]]>
  </system-out>
</testsuite> <!-- com.ae.qa.testcasesTenantAdmin.IntegrationServicePageTestTA -->
