<?xml version="1.0" encoding="UTF-8"?>
<!-- Generated by org.testng.reporters.JUnitReportReporter -->
<testsuite hostname="AELPT-0910" failures="0" tests="3" name="com.ae.qa.tests.UserAdmin.InformationPageTestUA" time="103.651" errors="0" timestamp="2024-07-01T12:01:45 IST" skipped="0">
  <testcase classname="com.ae.qa.tests.UserAdmin.InformationPageTestUA" name="validateLastLoginUATest" time="30.108"/>
  <system-out>
    <![CDATA[User changed first time password of User Successfully
User log in Successfully
Last login time displayed successfully
User signed out successfully]]>
  </system-out>
  <testcase classname="com.ae.qa.tests.UserAdmin.InformationPageTestUA" name="validateViewProfileUATest" time="46.461"/>
  <system-out>
    <![CDATA[User logged in successfully
Profile details validation successfully.
User signed out successfully]]>
  </system-out>
  <testcase classname="com.ae.qa.tests.UserAdmin.InformationPageTestUA" name="validateAboutTabUATest" time="27.082"/>
  <system-out>
    <![CDATA[User log in successfully
User signed out successfully]]>
  </system-out>
</testsuite> <!-- com.ae.qa.tests.UserAdmin.InformationPageTestUA -->
