<?xml version="1.0" encoding="UTF-8"?>
<!-- Generated by org.testng.reporters.JUnitReportReporter -->
<testsuite hostname="AELPT-0910" failures="0" tests="5" name="com.ae.qa.tests.TenantAdmin.UserGroupsPageTestTA" time="137.918" errors="0" timestamp="2024-06-11T19:19:34 IST" skipped="0">
  <testcase classname="com.ae.qa.tests.TenantAdmin.UserGroupsPageTestTA" name="validateCreateUserGroup" time="31.981"/>
  <system-out>
    <![CDATA[User logged in successfully
started creating new User Group
Actual Username:User group created successfully
Expected Username:User group created successfully
New user group is created
User signed out successfully]]>
  </system-out>
  <testcase classname="com.ae.qa.tests.TenantAdmin.UserGroupsPageTestTA" name="validateEditUserGroup" time="26.012"/>
  <system-out>
    <![CDATA[User logged in successfully
Edit button is clicked
Description of user group updated
Actual Username:Changes saved to user group
Expected Username:Changes saved to user group
User group got edited successfully
User signed out successfully]]>
  </system-out>
  <testcase classname="com.ae.qa.tests.TenantAdmin.UserGroupsPageTestTA" name="validateAddUserToGroup" time="30.168"/>
  <system-out>
    <![CDATA[User logged in successfully
Users Tab clicked
UsersGroup Tab clicked
Show Member button is clicked
assigning user1
Actual Username:User(s) added to the group successfully
Expected Username:User(s) added to the group successfully
User1 assigned and validated
User signed out successfully]]>
  </system-out>
  <testcase classname="com.ae.qa.tests.TenantAdmin.UserGroupsPageTestTA" name="validateRemoveUserFromGroup" time="26.592"/>
  <system-out>
    <![CDATA[User logged in successfully
Users tab clicked
Users group tab clicked
Show Member button is clicked
Removing user1
Actual Username:User(s) removed from the group successfully
Expected Username:User(s) removed from the group successfully
User1 removed
User signed out successfully]]>
  </system-out>
  <testcase classname="com.ae.qa.tests.TenantAdmin.UserGroupsPageTestTA" name="ValidateDuplicateUserGroupTest" time="23.165"/>
  <system-out>
    <![CDATA[User logged in successfully
started creating new User Group
Actual Username:Duplicate user group name [HRGroup]
Expected Username:Duplicate user group name [HRGroup]
User group with duplicate name can not be created
User signed out successfully]]>
  </system-out>
</testsuite> <!-- com.ae.qa.tests.TenantAdmin.UserGroupsPageTestTA -->
