<?xml version="1.0" encoding="UTF-8"?>
<!-- Generated by org.testng.reporters.JUnitReportReporter -->
<testsuite hostname="AELPT-0910" failures="0" tests="2" name="com.ae.qa.tests.Sysadmin.RolesPageTest" time="190.952" errors="0" timestamp="2024-06-24T15:20:59 IST" skipped="0">
  <testcase classname="com.ae.qa.tests.Sysadmin.RolesPageTest" name="validateRolesPageTest" time="30.846"/>
  <system-out>
    <![CDATA[User logged in successfully
Roles tab is clicked successfully
Actual page title displayed on screen is: Roles and Expected page title is: Roles
Respective Page is clicked and appropriate page is loaded properly]]>
  </system-out>
  <testcase classname="com.ae.qa.tests.Sysadmin.RolesPageTest" name="validateCreateRoleWithoutSelectingTemplateRoleTest" time="160.106"/>
  <system-out>
    <![CDATA[User logged in successfully
Roles tab is clicked successfully
User defined roles button is clicked successfully
New Role button is clicked successfully
Web Portal Access checkbox is selected successfully
Artifacts allow all permission is assigned successfully
Files allow all permission is assigned successfully
Save button is clicked successfully
Custom User Role without selection role template is created successfully
User logged in successfully
User is created successfully
System Admin is verified and present in the webtable
User changed first time password of sysadmin Successfully
Upload button is clicked
Upload PS button clicked
Success message for valid Artifact name: Artifact uploaded successfully
Valid Artifacts is uploaded successgully
Upload Button is clicked
Plugin Name is selected
Submit button is clicked
Chrome driver uploaded successfully]]>
  </system-out>
</testsuite> <!-- com.ae.qa.tests.Sysadmin.RolesPageTest -->
