<?xml version="1.0" encoding="UTF-8"?>
<!-- Generated by org.testng.reporters.JUnitReportReporter -->
<testsuite hostname="AELPT-0910" failures="0" tests="1" name="com.ae.qa.tests.TenantAdmin.WorkflowListPageTestTA" time="74.269" errors="0" timestamp="2024-07-10T11:33:32 IST" skipped="0">
  <testcase classname="com.ae.qa.tests.TenantAdmin.WorkflowListPageTestTA" name="validateUpdateWFCredAndCredpoolTest" time="74.269"/>
  <system-out>
    <![CDATA[User logged in successfully
Workflows Tab is clicked
Import button clicked
Is Assisted Workflow checkbox is unselected
Create Button is clicked
Priority is set
Expected Completion Time in Seconds is set
Maximum Completion Time in Seconds is set
Cleanup Requests older than Hours fields is set
User signed out successfully
User logged in successfully
Workflows Tab is clicked
Import Dropdown is clicked
Update Button is Clicked
Workflow is been selected
Updated workflow file is choosed
Save button is clicked
Configuration Parameters dropdown is clicked
Clicked on First Credentials Radio Button
Clicked on Second Credentials Radio Button
Save button is clicked
Workflow updated
Workflow is enabled successfully
User signed out successfully]]>
  </system-out>
</testsuite> <!-- com.ae.qa.tests.TenantAdmin.WorkflowListPageTestTA -->
