<?xml version="1.0" encoding="UTF-8"?>
<!-- Generated by org.testng.reporters.JUnitReportReporter -->
<testsuite hostname="AELPT-0910" failures="0" tests="4" name="com.ae.qa.tests.Sysadmin.SystemSettingsPageTest" time="115.566" errors="0" timestamp="2024-06-06T12:37:00 IST" skipped="0">
  <testcase classname="com.ae.qa.tests.Sysadmin.SystemSettingsPageTest" name="validateInvalidURLTest" time="29.501"/>
  <system-out>
    <![CDATA[User logged in successfully
Settings tab clicked
configure button is clicked
Started configuring server url
Verify button is clicked]]>
  </system-out>
  <testcase classname="com.ae.qa.tests.Sysadmin.SystemSettingsPageTest" name="validateServerUrlTest" time="30.877"/>
  <system-out>
    <![CDATA[User logged in successfully
Settings tab clicked
configure button is clicked
Started configuring server url
Verify button is clicked
System Settings saved]]>
  </system-out>
  <testcase classname="com.ae.qa.tests.Sysadmin.SystemSettingsPageTest" name="validateEditCleanUpRequest" time="31.443"/>
  <system-out>
    <![CDATA[User logged in successfully
configure button is clicked
Started configuring server url
Server URL field edited Successfully
Clean Up Requests Hours field edited Successfully
Verify button is clicked
System Settings saved]]>
  </system-out>
  <testcase classname="com.ae.qa.tests.Sysadmin.SystemSettingsPageTest" name="validateSystemSettingsPageTest" time="23.745"/>
  <system-out>
    <![CDATA[User log in Successfully
Actual page title displayed on screen is: System Settings and Expected page title is: System Settings
Respective Page is clicked and appropriate page is loaded properly]]>
  </system-out>
</testsuite> <!-- com.ae.qa.tests.Sysadmin.SystemSettingsPageTest -->
