<?xml version="1.0" encoding="UTF-8"?>
<!-- Generated by org.testng.reporters.JUnitReportReporter -->
<testsuite hostname="AELPT-0910" failures="0" tests="2" name="com.ae.qa.testcasesWorkflowAdmin.CategoriesPageTestWA" time="64.430" errors="0" timestamp="2023-09-20T14:46:09 IST" skipped="0">
  <testcase classname="com.ae.qa.testcasesWorkflowAdmin.CategoriesPageTestWA" name="ValidateAssignWFToCategoryWATest" time="34.479"/>
  <system-out>
    <![CDATA[User LogIn Succesfully
Categories tab clicked
Workflow which needs to move is checked
category in which wf needs to move is selected from dropdown
Actual message is :Workflow(s) category changed successfully
Expected message is :Workflow(s) category changed successfully
Workflow assigned to category succesfully
User signed out successfully]]>
  </system-out>
  <testcase classname="com.ae.qa.testcasesWorkflowAdmin.CategoriesPageTestWA" name="ValidateRemoveWFFromCategoryWATest" time="29.951"/>
  <system-out>
    <![CDATA[User LogIn Succesfully
Categories tab clicked
Category from which wf needs to remove is selected
Workflow assigned to category is removed
Actual message is :Workflow removed from this category successfully
Expected message is :Workflow removed from this category successfully
Workflow removed from category succesfully
User signed out successfully]]>
  </system-out>
</testsuite> <!-- com.ae.qa.testcasesWorkflowAdmin.CategoriesPageTestWA -->
