<?xml version="1.0" encoding="UTF-8"?>
<!-- Generated by org.testng.reporters.JUnitReportReporter -->
<testsuite hostname="AELPT-0910" failures="0" tests="1" name="com.ae.qa.tests.UserAdmin.TenantUsersPageTestUA" time="67.752" errors="0" timestamp="2024-07-01T15:45:55 IST" skipped="0">
  <testcase classname="com.ae.qa.tests.UserAdmin.TenantUsersPageTestUA" name="validateBulkUserUploadWithoutEmailUATest" time="67.752"/>
  <system-out>
    <![CDATA[Tenant Admin signed in successfully
Users tab is clicked
Tenant Users tab is clicked
Dropdown Selector button is selected
Native Users is Selected
Bulk User file is uploaded
Pimpri
Agra
Bulk User file is uploaded
Users tab is clicked
User signed out successfully
User changed first time password of User Successfully
User signed out successfully]]>
  </system-out>
</testsuite> <!-- com.ae.qa.tests.UserAdmin.TenantUsersPageTestUA -->
