<?xml version="1.0" encoding="UTF-8"?>
<!-- Generated by org.testng.reporters.JUnitReportReporter -->
<testsuite hostname="AELPT-0910" failures="0" tests="1" name="com.ae.qa.testcasesTenantAdmin.RolesPageTestTA" time="84.579" errors="0" timestamp="2023-08-28T23:08:35 IST" skipped="0">
  <testcase classname="com.ae.qa.testcasesTenantAdmin.RolesPageTestTA" name="createUserDefinedRolesTATest" time="84.579"/>
  <system-out>
    <![CDATA[User logged in successfully
Roles tab is clicked successfully
User defined roles button is clicked successfully
New Role button is clicked successfully
Role is selected successfully
Web Portal Access is selected successfully
Save button is clicked successfully
Custom User Role is created successfully
User signed out successfully
User log in Successfully
started creating new CustomRoleTA [Custom]
CustomRoleTA [Custom] is created successfully
CustomRoleTA [Custom] created successfully
User signed out successfully
User changed first time password of User Successfully]]>
  </system-out>
</testsuite> <!-- com.ae.qa.testcasesTenantAdmin.RolesPageTestTA -->
