<?xml version="1.0" encoding="UTF-8"?>
<!-- Generated by org.testng.reporters.JUnitReportReporter -->
<testsuite hostname="AELPT-0910" failures="0" tests="5" name="com.ae.qa.testcasesTenantAdmin.ExternalAppsTestTA" time="86.904" errors="0" timestamp="2023-07-24T12:22:35 IST" skipped="0">
  <testcase classname="com.ae.qa.testcasesTenantAdmin.ExternalAppsTestTA" name="validateExternalAppsPageTATest" time="19.984"/>
  <system-out>
    <![CDATA[User log in Successfully
Actual page title displayed on screen is: External Apps and Expected page title is: External Apps
Respective Page is clicked and appropriate page is loaded properly
User signed out successfully]]>
  </system-out>
  <testcase classname="com.ae.qa.testcasesTenantAdmin.ExternalAppsTestTA" name="validateRegisterExternalAppTATest" time="17.487"/>
  <system-out>
    <![CDATA[User log in Successfully
Register button is clicked successfully
App Name is entered successfully
App URL is entered successfully
Submit button is clicked successfully
Actual Success Message:-Operation completed successfully
Expected Success Message:-Operation completed successfully
External apps is registered successfully
User signed out successfully]]>
  </system-out>
  <testcase classname="com.ae.qa.testcasesTenantAdmin.ExternalAppsTestTA" name="validateOpenExternalAppTATest" time="16.257"/>
  <system-out>
    <![CDATA[User log in Successfully
Actual Title:-Google Chart
Expected Title:-Google Chart
External apps is opened successfully
User signed out successfully]]>
  </system-out>
  <testcase classname="com.ae.qa.testcasesTenantAdmin.ExternalAppsTestTA" name="validateOpenExternalAppNewTabTATest" time="17.117"/>
  <system-out>
    <![CDATA[User log in Successfully
Open is New Tab checkbox is selected successfully
Actual Success Message:-Operation completed successfully
Expected Success Message:-Operation completed successfully
External apps is registered successfully
External apps is opened successfully in new tab]]>
  </system-out>
  <testcase classname="com.ae.qa.testcasesTenantAdmin.ExternalAppsTestTA" name="validateUnRegisterExternalAppTATest" time="16.059"/>
  <system-out>
    <![CDATA[User log in Successfully
Actual Success Message:-App unregistered
Expected Success Message:-App unregistered
External apps is deregistered successfully
User signed out successfully]]>
  </system-out>
</testsuite> <!-- com.ae.qa.testcasesTenantAdmin.ExternalAppsTestTA -->
