<?xml version="1.0" encoding="UTF-8"?>
<!-- Generated by org.testng.reporters.JUnitReportReporter -->
<testsuite hostname="AELPT-0910" failures="0" tests="13" name="com.ae.qa.tests.TenantAdmin.DataSourcesPageTestTA" time="490.592" errors="0" timestamp="2024-06-10T14:52:28 IST" skipped="0">
  <testcase classname="com.ae.qa.tests.TenantAdmin.DataSourcesPageTestTA" name="validateCreateDataSourceTest" time="40.511"/>
  <system-out>
    <![CDATA[User LogIn Succesfully
Report tab clicked
DataSource  tab clicked
Data-Source Form opened
Button Clicked
Create button is clicked.
Datsource created succesfully
User signed out successfully]]>
  </system-out>
  <testcase classname="com.ae.qa.tests.TenantAdmin.DataSourcesPageTestTA" name="validateCreateDataSourceTest" time="40.414"/>
  <system-out>
    <![CDATA[User LogIn Succesfully
Report tab clicked
DataSource  tab clicked
Data-Source Form opened
Button Clicked
Create button is clicked.
Datsource created succesfully
User signed out successfully]]>
  </system-out>
  <testcase classname="com.ae.qa.tests.TenantAdmin.DataSourcesPageTestTA" name="validateCreateDataSourceTest" time="40.548"/>
  <system-out>
    <![CDATA[User LogIn Succesfully
Report tab clicked
DataSource  tab clicked
Data-Source Form opened
Button Clicked
Create button is clicked.
Datsource created succesfully
User signed out successfully]]>
  </system-out>
  <testcase classname="com.ae.qa.tests.TenantAdmin.DataSourcesPageTestTA" name="validateCreateDataSourceTest" time="40.720"/>
  <system-out>
    <![CDATA[User LogIn Succesfully
Report tab clicked
DataSource  tab clicked
Data-Source Form opened
Button Clicked
Create button is clicked.
Datsource created succesfully
User signed out successfully]]>
  </system-out>
  <testcase classname="com.ae.qa.tests.TenantAdmin.DataSourcesPageTestTA" name="validateCreateDataSourceTest" time="40.742"/>
  <system-out>
    <![CDATA[User LogIn Succesfully
Report tab clicked
DataSource  tab clicked
Data-Source Form opened
Button Clicked
Create button is clicked.
Datsource created succesfully
User signed out successfully]]>
  </system-out>
  <testcase classname="com.ae.qa.tests.TenantAdmin.DataSourcesPageTestTA" name="validateCreateDataSourceTest" time="41.035"/>
  <system-out>
    <![CDATA[User LogIn Succesfully
Report tab clicked
DataSource  tab clicked
Data-Source Form opened
Button Clicked
Create button is clicked.
Datsource created succesfully
User signed out successfully]]>
  </system-out>
  <testcase classname="com.ae.qa.tests.TenantAdmin.DataSourcesPageTestTA" name="validateDatasourcesPageTATest" time="19.120"/>
  <system-out>
    <![CDATA[User log in Successfully
Actual page title displayed on screen is: Datasource and Expected page title is: Datasource
Respective Page is clicked and appropriate page is loaded properly
User signed out successfully]]>
  </system-out>
  <testcase classname="com.ae.qa.tests.TenantAdmin.DataSourcesPageTestTA" name="validateEditDataSourceTest" time="37.834"/>
  <system-out>
    <![CDATA[User Lognn Succesfully
Report tab clicked
DataSource  tab clicked
Edit button is clicked successfully
Button Clicked
Update button is clicked succesfully
Datsource is updated succesfully
User signed out successfully]]>
  </system-out>
  <testcase classname="com.ae.qa.tests.TenantAdmin.DataSourcesPageTestTA" name="validateEditDataSourceTest" time="38.240"/>
  <system-out>
    <![CDATA[User Lognn Succesfully
Report tab clicked
DataSource  tab clicked
Edit button is clicked successfully
Button Clicked
Update button is clicked succesfully
Datsource is updated succesfully
User signed out successfully]]>
  </system-out>
  <testcase classname="com.ae.qa.tests.TenantAdmin.DataSourcesPageTestTA" name="validateEditDataSourceTest" time="37.795"/>
  <system-out>
    <![CDATA[User Lognn Succesfully
Report tab clicked
DataSource  tab clicked
Edit button is clicked successfully
Button Clicked
Update button is clicked succesfully
Datsource is updated succesfully
User signed out successfully]]>
  </system-out>
  <testcase classname="com.ae.qa.tests.TenantAdmin.DataSourcesPageTestTA" name="validateEditDataSourceTest" time="38.039"/>
  <system-out>
    <![CDATA[User Lognn Succesfully
Report tab clicked
DataSource  tab clicked
Edit button is clicked successfully
Button Clicked
Update button is clicked succesfully
Datsource is updated succesfully
User signed out successfully]]>
  </system-out>
  <testcase classname="com.ae.qa.tests.TenantAdmin.DataSourcesPageTestTA" name="validateEditDataSourceTest" time="37.995"/>
  <system-out>
    <![CDATA[User Lognn Succesfully
Report tab clicked
DataSource  tab clicked
Edit button is clicked successfully
Button Clicked
Update button is clicked succesfully
Datsource is updated succesfully
User signed out successfully]]>
  </system-out>
  <testcase classname="com.ae.qa.tests.TenantAdmin.DataSourcesPageTestTA" name="validateEditDataSourceTest" time="37.599"/>
  <system-out>
    <![CDATA[User Lognn Succesfully
Report tab clicked
DataSource  tab clicked
Edit button is clicked successfully
Button Clicked
Update button is clicked succesfully
Datsource is updated succesfully
User signed out successfully]]>
  </system-out>
</testsuite> <!-- com.ae.qa.tests.TenantAdmin.DataSourcesPageTestTA -->
