<?xml version="1.0" encoding="UTF-8"?>
<!-- Generated by org.testng.reporters.JUnitReportReporter -->
<testsuite hostname="AELPT-0910" failures="0" tests="2" name="com.ae.qa.tests.Sysadmin.FileManagementPageTest" time="62.325" errors="0" timestamp="2024-06-05T13:58:08 IST" skipped="0">
  <testcase classname="com.ae.qa.tests.Sysadmin.FileManagementPageTest" name="validateEditUploadDriverTest" time="32.796"/>
  <system-out>
    <![CDATA[User log in Successfully
File Management tab is clicked successfully
Edit button is clicked successfully
Submit button is clicked
Chrome driver is edited successfully]]>
  </system-out>
  <testcase classname="com.ae.qa.tests.Sysadmin.FileManagementPageTest" name="validateDeleteUploadDriverTest" time="29.529"/>
  <system-out>
    <![CDATA[User log in Successfully
File Management tab is clicked successfully
Delete button is clicked successfully
Chrome driver is deleted successfully]]>
  </system-out>
</testsuite> <!-- com.ae.qa.tests.Sysadmin.FileManagementPageTest -->
