<?xml version="1.0" encoding="UTF-8"?>
<!-- Generated by org.testng.reporters.JUnitReportReporter -->
<testsuite hostname="AELPT-0910" failures="0" tests="4" name="com.ae.qa.tests.TenantAdmin.FileManagementPageTestTA" time="98.225" errors="0" timestamp="2024-06-27T18:05:49 IST" skipped="0">
  <testcase classname="com.ae.qa.tests.TenantAdmin.FileManagementPageTestTA" name="validateFileManagementPageTATest" time="22.512"/>
  <system-out>
    <![CDATA[User log in Successfully
Actual page title displayed on screen is: Workflow Files and Expected page title is: Workflow Files
Respective Page is clicked and appropriate page is loaded properly
User signed out successfully]]>
  </system-out>
  <testcase classname="com.ae.qa.tests.TenantAdmin.FileManagementPageTestTA" name="validateUploadWFFileManagementTest" time="29.870"/>
  <system-out>
    <![CDATA[User log in Successfully
Upload Button is clicked
Workflow Name is selected
Submit button is clicked
Actual Filename:- WFWithConfigParam.zip Expected Filename:- WFWithConfigParam.zip
Workflow is uploaded successfully
User signed out successfully]]>
  </system-out>
  <testcase classname="com.ae.qa.tests.TenantAdmin.FileManagementPageTestTA" name="validateEditWFFileManagementTest" time="26.570"/>
  <system-out>
    <![CDATA[User log in Successfully
File Management tab is clicked successfully
Edit button is clicked successfully
Submit button is clicked
Workflow file is edited successfully
User signed out successfully]]>
  </system-out>
  <testcase classname="com.ae.qa.tests.TenantAdmin.FileManagementPageTestTA" name="validateDeleteUploadWFFileManagementTest" time="19.273"/>
  <system-out>
    <![CDATA[User log in Successfully
File Management tab is clicked successfully
Delete button is clicked successfully
Workflow file is deleted successfully
User signed out successfully]]>
  </system-out>
</testsuite> <!-- com.ae.qa.tests.TenantAdmin.FileManagementPageTestTA -->
