<?xml version="1.0" encoding="UTF-8"?>
<!-- Generated by org.testng.reporters.JUnitReportReporter -->
<testsuite hostname="AELPT-0910" failures="0" tests="2" name="com.ae.qa.testcasesTenantAdmin.SchedulerPageTestTA" time="49.075" errors="0" timestamp="2023-07-12T15:25:15 IST" skipped="0">
  <testcase classname="com.ae.qa.testcasesTenantAdmin.SchedulerPageTestTA" name="validateTransferScheduleTest" time="33.235"/>
  <system-out>
    <![CDATA[User logged in successfully
Workflows Tab is clicked
Scheduler tab clicked
Add Transfer Schedule button is clicked
User from whom schedule needs to transfer is selcted
User to whom schedule needs to is selcted
Transfer button clicked
Actual Success Msg:Schedules transferred successfully
Expected Success Msg:Schedules transferred successfully
Schedule transfered successfully
User signed out successfully]]>
  </system-out>
  <testcase classname="com.ae.qa.testcasesTenantAdmin.SchedulerPageTestTA" name="validateSchedulerPageTATest" time="15.840"/>
  <system-out>
    <![CDATA[User log in Successfully
Actual page title displayed on screen is: Scheduler and Expected page title is: Scheduler
Respective Page is clicked and appropriate page is loaded properly
User signed out successfully]]>
  </system-out>
</testsuite> <!-- com.ae.qa.testcasesTenantAdmin.SchedulerPageTestTA -->
