<?xml version="1.0" encoding="UTF-8"?>
<!-- Generated by org.testng.reporters.JUnitReportReporter -->
<testsuite hostname="AELPT-0910" failures="0" tests="4" name="com.ae.qa.testcasesTenantAdmin.TenantUsersPageTestTA" time="210.928" errors="0" timestamp="2023-09-18T12:22:17 IST" skipped="0">
  <testcase classname="com.ae.qa.testcasesTenantAdmin.TenantUsersPageTestTA" name="ValidateCreatingWorkflowAdminTest" time="56.412"/>
  <system-out>
    <![CDATA[User log in Successfully
started creating new Workflow Admin
Workflow Admin is created successfully
Workflow Admin created successfully
User signed out successfully]]>
  </system-out>
  <testcase classname="com.ae.qa.testcasesTenantAdmin.TenantUsersPageTestTA" name="ValidateCreatingTenantAdminTest" time="51.343"/>
  <system-out>
    <![CDATA[User log in Successfully
started creating new Admin
Admin is created successfully
Admin created successfully
User signed out successfully]]>
  </system-out>
  <testcase classname="com.ae.qa.testcasesTenantAdmin.TenantUsersPageTestTA" name="ValidateCreatingUserAdminTest" time="49.803"/>
  <system-out>
    <![CDATA[User log in Successfully
started creating new User Admin
User Admin is created successfully
User Admin created successfully
User signed out successfully]]>
  </system-out>
  <testcase classname="com.ae.qa.testcasesTenantAdmin.TenantUsersPageTestTA" name="ValidateCreatingTenantUserTest" time="53.370"/>
  <system-out>
    <![CDATA[User log in Successfully
started creating new Tenant
User is created successfully
User created successfully
User signed out successfully]]>
  </system-out>
</testsuite> <!-- com.ae.qa.testcasesTenantAdmin.TenantUsersPageTestTA -->
