<?xml version="1.0" encoding="UTF-8"?>
<!-- Generated by org.testng.reporters.JUnitReportReporter -->
<testsuite hostname="AELPT-0910" failures="0" tests="2" name="com.ae.qa.testcasesTenantAdmin.DashboardsPageTestTA" time="83.468" errors="0" timestamp="2023-10-05T16:47:36 IST" skipped="0">
  <testcase classname="com.ae.qa.testcasesTenantAdmin.DashboardsPageTestTA" name="validateDeleteDashboardWithReportTest" time="31.842"/>
  <system-out>
    <![CDATA[User logged in successfully
Reports Tab is clicked
Dashboard chosed successfully
Delete Dashboard option clicked
Delete button clicked on popup
After deleting dashboard with report, actual message get is: Dashboard Deleted successfully
Dashboard with report deleted successfully
User signed out successfully]]>
  </system-out>
  <testcase classname="com.ae.qa.testcasesTenantAdmin.DashboardsPageTestTA" name="validateDeleteDashboardWithoutReportTest" time="51.626"/>
  <system-out>
    <![CDATA[User logged in successfully
Reports Tab is clicked
New Dashboard button is clicked
Dashboard level is already selcted
Dashboard duration None selected
Actual Success Msg:Dashboard created successfully
Expected Success Msg:Dashboard created successfully
Dashboard at None level created successfully
Dashboard chosed successfully
Delete Dashboard option clicked
Delete button clicked on popup
After deleting dashboard with report, actual message get is: Dashboard Deleted successfully
Dashboard with report deleted successfully
User signed out successfully]]>
  </system-out>
</testsuite> <!-- com.ae.qa.testcasesTenantAdmin.DashboardsPageTestTA -->
