<?xml version="1.0" encoding="UTF-8"?>
<!-- Generated by org.testng.reporters.JUnitReportReporter -->
<testsuite hostname="AELPT-0910" failures="0" tests="4" name="com.ae.qa.tests.TenantAdmin.CataloguePageTestTA" time="174.407" errors="0" timestamp="2024-06-06T20:22:22 IST" skipped="0">
  <testcase classname="com.ae.qa.tests.TenantAdmin.CataloguePageTestTA" name="validateSubmitRequestTest" time="30.513"/>
  <system-out>
    <![CDATA[User logged in successfully
Catalogue Tab is clicked
Workflow whose request needs to be send is selected
Submit request button is clicked
OK button is clicked
User signed out successfully]]>
  </system-out>
  <testcase classname="com.ae.qa.tests.TenantAdmin.CataloguePageTestTA" name="validateCataloguePageTATest" time="22.253"/>
  <system-out>
    <![CDATA[User log in Successfully
Actual page title displayed on screen is: Catalogue and Expected page title is: Catalogue
Respective Page is clicked and appropriate page is loaded properly
User signed out successfully]]>
  </system-out>
  <testcase classname="com.ae.qa.tests.TenantAdmin.CataloguePageTestTA" name="validateSubmitRequestDefaultCategoryTest" time="92.280"/>
  <system-out>
    <![CDATA[User logged in successfully
Workflows Tab is clicked
Import button clicked
Is Assisted Workflow checkbox is unselected
Create Button is clicked
Priority is set
Expected Completion Time in Seconds is set
Maximum Completion Time in Seconds is set
Cleanup Requests older than Hours fields is set
Save button is clicked
Workflow updated
Workflow is enabled successfully
User signed out successfully
Tenant Admin signed in successfully
Agents tab is clicked
Workflow Assignment tab is clicked
Edit button is selected
Workflow is searched
Required wf is selected
Saved the operation
Assignment confirmed
Actual Wf Assignment Msg:Assignment saved successfully.
Expected Wf Assignment Msg:Assignment saved successfully.
Single workflow is successfully assigned to default agent
User signed out successfully
User logged in successfully
Catalogue Tab is clicked
Category:-Default
Workflow whose request needs to be send is selected
Submit request button is clicked
OK button is clicked
User signed out successfully]]>
  </system-out>
  <testcase classname="com.ae.qa.tests.TenantAdmin.CataloguePageTestTA" name="validateSubmitRequestCustomCategoryTest" time="29.361"/>
  <system-out>
    <![CDATA[User logged in successfully
Catalogue Tab is clicked
Category:-WebGUI
Workflow whose request needs to be send is selected
Submit request button is clicked
OK button is clicked
User signed out successfully]]>
  </system-out>
</testsuite> <!-- com.ae.qa.tests.TenantAdmin.CataloguePageTestTA -->
