<?xml version="1.0" encoding="UTF-8"?>
<!-- Generated by org.testng.reporters.JUnitReportReporter -->
<testsuite hostname="aedbserver" failures="0" tests="2" name="com.ae.qa.testcasesTenantAdmin.WorkflowAssignmentPageTestTA" time="106.751" errors="0" timestamp="2023-04-18T20:01:46 IST" skipped="0">
  <testcase classname="com.ae.qa.testcasesTenantAdmin.WorkflowAssignmentPageTestTA" name="validateWorkflowAssignmentPageTATest" time="46.609"/>
  <system-out>
    <![CDATA[User log in Successfully
Actual page title displayed on screen is: Workflow Assignment and Expected page title is: Workflow Assignment
Respective Page is clicked and appropriate page is loaded properly
User signed out successfully]]>
  </system-out>
  <testcase classname="com.ae.qa.testcasesTenantAdmin.WorkflowAssignmentPageTestTA" name="validateMultipleWorkflowAssignmentTest" time="60.142"/>
  <system-out>
    <![CDATA[Tenant Admin signed in successfully
Agents tab is clicked
Workflow Assignment tab is clicked
Edit button is selected
Workflows checkbox is clicked
All workflow are selected
Saved the operation
Assignment confirmed
Actual Wf Assignment Msg:Assignment saved successfully.
Expected Wf Assignment Msg:Assignment saved successfully.
User signed out successfully]]>
  </system-out>
</testsuite> <!-- com.ae.qa.testcasesTenantAdmin.WorkflowAssignmentPageTestTA -->
