<?xml version="1.0" encoding="UTF-8"?>
<!-- Generated by org.testng.reporters.JUnitReportReporter -->
<testsuite hostname="AELPT-0910" failures="0" tests="6" name="com.ae.qa.tests.TenantAdmin.CredentialPermissionsPageTestTA" time="169.322" errors="0" timestamp="2024-07-10T11:37:54 IST" skipped="0">
  <testcase classname="com.ae.qa.tests.TenantAdmin.CredentialPermissionsPageTestTA" name="validateAssignSingleCredentialSingleUserTest" time="28.103"/>
  <system-out>
    <![CDATA[User logged in successfully
Credentials Permissions Tab is clicked
Credential is selected successfully
Users button is clicked
Modify Permission is selected successfully
Save button is clicked
Actual Success Message:- Permissions updated successfully
Expected Success Message:- Permissions updated successfully
Permission is updated successfully
User signed out successfully]]>
  </system-out>
  <testcase classname="com.ae.qa.tests.TenantAdmin.CredentialPermissionsPageTestTA" name="validateAssignSingleCredentialSingleUserTest" time="28.418"/>
  <system-out>
    <![CDATA[User logged in successfully
Credentials Permissions Tab is clicked
Credential is selected successfully
Users button is clicked
Use Permission is selected successfully
Save button is clicked
Actual Success Message:- Permissions updated successfully
Expected Success Message:- Permissions updated successfully
Permission is updated successfully
User signed out successfully]]>
  </system-out>
  <testcase classname="com.ae.qa.tests.TenantAdmin.CredentialPermissionsPageTestTA" name="validateAssignSingleCredentialSingleUserTest" time="28.949"/>
  <system-out>
    <![CDATA[User logged in successfully
Credentials Permissions Tab is clicked
Credential is selected successfully
Users button is clicked
View Permission is selected successfully
Save button is clicked
Actual Success Message:- Permissions updated successfully
Expected Success Message:- Permissions updated successfully
Permission is updated successfully
User signed out successfully]]>
  </system-out>
  <testcase classname="com.ae.qa.tests.TenantAdmin.CredentialPermissionsPageTestTA" name="validateAssignSingleCredentialSingleUserTest" time="28.051"/>
  <system-out>
    <![CDATA[User logged in successfully
Credentials Permissions Tab is clicked
Credential is selected successfully
Users button is clicked
View Permission is selected successfully
Save button is clicked
Actual Success Message:- Permissions updated successfully
Expected Success Message:- Permissions updated successfully
Permission is updated successfully
User signed out successfully]]>
  </system-out>
  <testcase classname="com.ae.qa.tests.TenantAdmin.CredentialPermissionsPageTestTA" name="validateAssignSingleCredentialSingleUserTest" time="27.817"/>
  <system-out>
    <![CDATA[User logged in successfully
Credentials Permissions Tab is clicked
Credential is selected successfully
Users button is clicked
Modify Permission is selected successfully
Save button is clicked
Actual Success Message:- Permissions updated successfully
Expected Success Message:- Permissions updated successfully
Permission is updated successfully
User signed out successfully]]>
  </system-out>
  <testcase classname="com.ae.qa.tests.TenantAdmin.CredentialPermissionsPageTestTA" name="validateAssignSingleCredentialSingleUserTest" time="27.984"/>
  <system-out>
    <![CDATA[User logged in successfully
Credentials Permissions Tab is clicked
Credential is selected successfully
Users button is clicked
Use Permission is selected successfully
Save button is clicked
Actual Success Message:- Permissions updated successfully
Expected Success Message:- Permissions updated successfully
Permission is updated successfully
User signed out successfully]]>
  </system-out>
</testsuite> <!-- com.ae.qa.tests.TenantAdmin.CredentialPermissionsPageTestTA -->
