<?xml version="1.0" encoding="UTF-8"?>
<!-- Generated by org.testng.reporters.JUnitReportReporter -->
<testsuite hostname="AELPT-0910" failures="0" tests="10" name="com.ae.qa.testcasesWorkflowAdmin.SchedulerPageTestWA" time="581.686" errors="0" timestamp="2023-09-20T16:07:56 IST" skipped="0">
  <testcase classname="com.ae.qa.testcasesWorkflowAdmin.SchedulerPageTestWA" name="validateDailyScheduleWATest" time="91.977"/>
  <system-out>
    <![CDATA[Tenant Admin signed in successfully
Agents tab is clicked
Workflow Assignment tab is clicked
Edit button is selected
Workflow is searched
Required wf is selected
Saved the operation
Assignment confirmed
Actual Wf Assignment Msg:Assignment saved successfully.
Expected Wf Assignment Msg:Assignment saved successfully.
Single workflow is successfully assigned to default agent
User signed out successfully
User logged in successfully
Workflows Tab is clicked
Scheduler tab clicked
Add new Button clicked
Schedule form details started
Schedule submitted
Actual Success Msg:Schedule created successfully
Expected Success Msg:Schedule created successfully
Daily Schedule created successfully
User signed out successfully]]>
  </system-out>
  <testcase classname="com.ae.qa.testcasesWorkflowAdmin.SchedulerPageTestWA" name="validateEditDailyScheduleWATest" time="48.151"/>
  <system-out>
    <![CDATA[User logged in successfully
Workflows Tab is clicked
Scheduler tab clicked
End date changed
Repeat Every checkbox is selected
Repeat time is selcted
End Time is selected
Submit button clicked
Actual Success Msg:Schedule Edited successfully
Expected Success Msg:Schedule Edited successfully
Schedule edited successfully
User signed out successfully]]>
  </system-out>
  <testcase classname="com.ae.qa.testcasesWorkflowAdmin.SchedulerPageTestWA" name="validateWeeklyScheduleWATest" time="81.184"/>
  <system-out>
    <![CDATA[User logged in successfully
Workflows Tab is clicked
Scheduler tab clicked
Add new Button clicked
Schedule form details started
Start day selected
End day selected
Schedule type selected
Repeat Every checkbox is selected
Repeat time is selcted
End Time is selected
Schedule submitted
Actual Success Msg:Schedule created successfully
Expected Success Msg:Schedule created successfully
Weekly Schedule created successfully
User signed out successfully]]>
  </system-out>
  <testcase classname="com.ae.qa.testcasesWorkflowAdmin.SchedulerPageTestWA" name="validateEditWeeklyScheduleWATest" time="25.560"/>
  <system-out>
    <![CDATA[User logged in successfully
Workflows Tab is clicked
Scheduler tab clicked
Repeat time is selcted
Submit button clicked
Actual Success Msg:Schedule Edited successfully
Expected Success Msg:Schedule Edited successfully
Schedule edited successfully
User signed out successfully]]>
  </system-out>
  <testcase classname="com.ae.qa.testcasesWorkflowAdmin.SchedulerPageTestWA" name="validateMonthlyScheduleWATest" time="79.443"/>
  <system-out>
    <![CDATA[User logged in successfully
Workflows Tab is clicked
Scheduler tab clicked
Add new Button clicked
Schedule form details started
Repeat Every checkbox is selected
Repeat time is selcted
End Time is selected
Schedule submitted
Actual Success Msg:Schedule created successfully
Expected Success Msg:Schedule created successfully
Weekly Schedule created successfully
User signed out successfully]]>
  </system-out>
  <testcase classname="com.ae.qa.testcasesWorkflowAdmin.SchedulerPageTestWA" name="validateEditMonthlyScheduleWATest" time="27.539"/>
  <system-out>
    <![CDATA[User logged in successfully
Workflows Tab is clicked
Scheduler tab clicked
Edit button is clicked
Submit button clicked
Actual Success Msg:Schedule Edited successfully
Expected Success Msg:Schedule Edited successfully
Schedule edited successfully
User signed out successfully]]>
  </system-out>
  <testcase classname="com.ae.qa.testcasesWorkflowAdmin.SchedulerPageTestWA" name="validateInfineScheduleWATest" time="82.509"/>
  <system-out>
    <![CDATA[User logged in successfully
Workflows Tab is clicked
Scheduler tab clicked
Add new Button clicked
Schedule form details started
Run Schedule Infinitely checbox selected
Repeat Every checkbox is selected
Repeat time is selcted
Schedule submitted
Actual Success Msg:Schedule created successfully
Expected Success Msg:Schedule created successfully
Infinite Weekly Schedule created successfully
User signed out successfully]]>
  </system-out>
  <testcase classname="com.ae.qa.testcasesWorkflowAdmin.SchedulerPageTestWA" name="validateDeleteScheduleWATest" time="21.947"/>
  <system-out>
    <![CDATA[User logged in successfully
Workflows Tab is clicked
Scheduler tab clicked
Schedule got disable
Delete schedule button clicked
Actual Success Msg:For automation deleted successfully
Expected Success Msg:For automation deleted successfully
Schedule deleted successfully
User signed out successfully]]>
  </system-out>
  <testcase classname="com.ae.qa.testcasesWorkflowAdmin.SchedulerPageTestWA" name="validateEditScheduleCreateTATest" time="107.878"/>
  <system-out>
    <![CDATA[User logged in successfully
Workflows Tab is clicked
Scheduler tab clicked
Add new Button clicked
Schedule form details started
Schedule submitted
Actual Success Msg:Schedule created successfully
Expected Success Msg:Schedule created successfully
Daily Schedule created successfully
User signed out successfully
User logged in successfully
Workflows Tab is clicked
Scheduler tab clicked
End date changed
Repeat Every checkbox is selected
Repeat time is selcted
End Time is selected
Submit button clicked
Actual Success Msg:Schedule Edited successfully
Expected Success Msg:Schedule Edited successfully
Schedule edited successfully
User signed out successfully]]>
  </system-out>
  <testcase classname="com.ae.qa.testcasesWorkflowAdmin.SchedulerPageTestWA" name="validateInactiveScheduleCreateTATest" time="15.498"/>
  <system-out>
    <![CDATA[User logged in successfully
Workflows Tab is clicked
Scheduler tab clicked
Status Slider bar is clicked
Schedule created by Tenant admin is made Inactive successfully
User signed out successfully]]>
  </system-out>
</testsuite> <!-- com.ae.qa.testcasesWorkflowAdmin.SchedulerPageTestWA -->
