<?xml version="1.0" encoding="UTF-8"?>
<!-- Generated by org.testng.reporters.JUnitReportReporter -->
<testsuite hostname="DESKTOP-5VHKQUJ" failures="0" tests="1" name="com.ae.qa.testcasesTenantAdmin.AuditLogsPageTestTA" time="81.416" errors="0" timestamp="2023-05-09T16:26:05 IST" skipped="0">
  <testcase classname="com.ae.qa.testcasesTenantAdmin.AuditLogsPageTestTA" name="validateServerLogsTabTenantAdminTest" time="81.416"/>
  <system-out>
    <![CDATA[User log in Successfully
User signed out successfully]]>
  </system-out>
</testsuite> <!-- com.ae.qa.testcasesTenantAdmin.AuditLogsPageTestTA -->
