<?xml version="1.0" encoding="UTF-8"?>
<!-- Generated by org.testng.reporters.JUnitReportReporter -->
<testsuite hostname="AELPT-0910" failures="0" tests="4" name="com.ae.qa.testcasesActivityMonitor.AgentListPageTestAM" time="85.035" errors="0" timestamp="2023-09-20T12:12:54 IST" skipped="0">
  <testcase classname="com.ae.qa.testcasesActivityMonitor.AgentListPageTestAM" name="validateAgentDetailsAMTest" time="18.164"/>
  <system-out>
    <![CDATA[User log in Successfully
User navigated to Agents Tab
Agent details is verified successfully.
User signed out successfully]]>
  </system-out>
  <testcase classname="com.ae.qa.testcasesActivityMonitor.AgentListPageTestAM" name="checkColumnsInAgentListAMTest" time="20.455"/>
  <system-out>
    <![CDATA[User logged in successfully
User navigated to AgentList tab
All Column got displayed in records after Checking select All checkbox.
User signed out successfully]]>
  </system-out>
  <testcase classname="com.ae.qa.testcasesActivityMonitor.AgentListPageTestAM" name="deselectAllInAgentListAMTest" time="19.810"/>
  <system-out>
    <![CDATA[User logged in successfully
User navigated to AgentList tab
Select All Checkbox is not already selected, Hence selected twice to deselect it.
Selected count of No. of colums 3
Total No of columns in table: 3
Field of Columns: Agent Name
Field of Columns: Status
Field of Columns: Resource Utilization
Column Value found
All Options got deselected except Agent Name,Status and Resource Utilization.
User signed out successfully]]>
  </system-out>
  <testcase classname="com.ae.qa.testcasesActivityMonitor.AgentListPageTestAM" name="SpecificColumnInAgentListAMTest" time="26.606"/>
  <system-out>
    <![CDATA[User logged in successfully
User navigated to AgentList tab
Select All Checkbox is not already selected, Hence selected twice to deselect it.
Field of Columns: Agent Name
Field of Columns: Execution Threads
Field of Columns: Executing Workflows
Field of Columns: Status
Field of Columns: Resource Utilization
Column Value found
All columns selected found in table.
User signed out successfully]]>
  </system-out>
</testsuite> <!-- com.ae.qa.testcasesActivityMonitor.AgentListPageTestAM -->
