<?xml version="1.0" encoding="UTF-8"?>
<!-- Generated by org.testng.reporters.JUnitReportReporter -->
<testsuite hostname="aedbserver" failures="0" tests="3" name="com.ae.qa.testcasesUserAdmin.InformationPageTestUA" time="136.522" errors="0" timestamp="2023-04-17T18:00:39 IST" skipped="0">
  <testcase classname="com.ae.qa.testcasesUserAdmin.InformationPageTestUA" name="validateLastLoginUATest" time="43.347"/>
  <system-out>
    <![CDATA[User changed first time password of User Successfully
User log in Successfully
Last login time displayed successfully
User signed out successfully]]>
  </system-out>
  <testcase classname="com.ae.qa.testcasesUserAdmin.InformationPageTestUA" name="validateViewProfileUATest" time="53.408"/>
  <system-out>
    <![CDATA[User logged in successfully
Profile details validation successfully.
User signed out successfully]]>
  </system-out>
  <testcase classname="com.ae.qa.testcasesUserAdmin.InformationPageTestUA" name="validateAboutTabUATest" time="39.767"/>
  <system-out>
    <![CDATA[User log in successfully
User signed out successfully]]>
  </system-out>
</testsuite> <!-- com.ae.qa.testcasesUserAdmin.InformationPageTestUA -->
