<?xml version="1.0" encoding="UTF-8"?>
<!-- Generated by org.testng.reporters.JUnitReportReporter -->
<testsuite hostname="AELPT-0910" failures="0" tests="3" name="com.ae.qa.tests.Sysadmin.TenantUsersPageTest" time="162.919" errors="0" timestamp="2024-06-06T13:16:47 IST" skipped="0">
  <testcase classname="com.ae.qa.tests.Sysadmin.TenantUsersPageTest" name="ValidateCreatingTenantAdminTest" time="57.578"/>
  <system-out>
    <![CDATA[User logged in successfully
started creating new Tenant
User is created successfully
New user is verified and present in the webtable]]>
  </system-out>
  <testcase classname="com.ae.qa.tests.Sysadmin.TenantUsersPageTest" name="ValidateEditTenantUserTest" time="76.327"/>
  <system-out>
    <![CDATA[User logged in successfully
started creating new Tenant
User is created successfully
New user is verified and present in the webtable
User logged in successfully
Tenant User details got edited.]]>
  </system-out>
  <testcase classname="com.ae.qa.tests.Sysadmin.TenantUsersPageTest" name="validateTenantUsersPageTest" time="29.014"/>
  <system-out>
    <![CDATA[User log in Successfully
Actual page title displayed on screen is: Tenant Users and Expected page title is: Tenant Users
Respective Page is clicked and appropriate page is loaded properly]]>
  </system-out>
</testsuite> <!-- com.ae.qa.tests.Sysadmin.TenantUsersPageTest -->
