<?xml version="1.0" encoding="UTF-8"?>
<!-- Generated by org.testng.reporters.JUnitReportReporter -->
<testsuite hostname="AELPT-0910" failures="0" tests="1" name="com.ae.qa.tests.AgentAdmin.PluginsPageTestAA" time="33.298" errors="0" timestamp="2024-07-01T15:07:50 IST" skipped="0">
  <testcase classname="com.ae.qa.tests.AgentAdmin.PluginsPageTestAA" name="validateWFPluginUtilizationAATest" time="33.298"/>
  <system-out>
    <![CDATA[User log in Successfully
Plugins Tab is selected
Advanced Search is Clicked
OOTB-Plugin Plugin is searched
Plugin Utlization button is clicked
Plugin Native Utilization is displayed]]>
  </system-out>
</testsuite> <!-- com.ae.qa.tests.AgentAdmin.PluginsPageTestAA -->
