<?xml version="1.0" encoding="UTF-8"?>
<!-- Generated by org.testng.reporters.JUnitReportReporter -->
<testsuite hostname="AELPT-0910" failures="0" tests="5" name="com.ae.qa.testcasesTenantAdmin.IPWhitelistingPageTestTA" time="141.288" errors="0" timestamp="2023-07-21T10:17:45 IST" skipped="0">
  <testcase classname="com.ae.qa.testcasesTenantAdmin.IPWhitelistingPageTestTA" name="validateIPWhitelistingPageTATest" time="16.957"/>
  <system-out>
    <![CDATA[User log in Successfully
Actual page title displayed on screen is: IP Whitelisting and Expected page title is: IP Whitelisting
Respective Page is clicked and appropriate page is loaded properly
User signed out successfully]]>
  </system-out>
  <testcase classname="com.ae.qa.testcasesTenantAdmin.IPWhitelistingPageTestTA" name="validateDeleteLastWhitelistRecordTATest" time="12.191"/>
  <system-out>
    <![CDATA[User log in Successfully
IPWhitelisting Tab is clicked successfully
Delete button is clicked successfully
User signed out successfully]]>
  </system-out>
  <testcase classname="com.ae.qa.testcasesTenantAdmin.IPWhitelistingPageTestTA" name="validateInvalidIPAddressTATest" time="38.667"/>
  <system-out>
    <![CDATA[User log in Successfully
IPWhitelisting Tab is clicked successfully
Add button is clicked successfully
Delete button is clicked successfully
User navigated to Agents Tab
Current status of Agent is: Stopped
Agent is in stopped mode
Invalid IP Address is listed so agent is in stopped mode
User signed out successfully]]>
  </system-out>
  <testcase classname="com.ae.qa.testcasesTenantAdmin.IPWhitelistingPageTestTA" name="validateValidIPAddressTATest" time="57.588"/>
  <system-out>
    <![CDATA[User log in Successfully
IPWhitelisting Tab is clicked successfully
Add button is clicked successfully
User navigated to Agents Tab
Current status of Agent is: Stopped
Current status of Agent is: Stopped
Current status of Agent is: Stopped
Agent is in running mode
Valid IP Address is listed so agent is in running mode
User signed out successfully]]>
  </system-out>
  <testcase classname="com.ae.qa.testcasesTenantAdmin.IPWhitelistingPageTestTA" name="validateEditIPAddressTATest" time="15.885"/>
  <system-out>
    <![CDATA[User log in Successfully
IPWhitelisting Tab is clicked successfully
Edit button is clicked successfully
IP Address is edited successfully
User signed out successfully]]>
  </system-out>
</testsuite> <!-- com.ae.qa.testcasesTenantAdmin.IPWhitelistingPageTestTA -->
