<?xml version="1.0" encoding="UTF-8"?>
<!-- Generated by org.testng.reporters.JUnitReportReporter -->
<testsuite hostname="AELPT-0910" failures="0" tests="6" name="com.ae.qa.testcasesTenantAdmin.DataSourcesPageTestTA" time="259.432" errors="0" timestamp="2023-08-02T15:40:20 IST" skipped="0">
  <testcase classname="com.ae.qa.testcasesTenantAdmin.DataSourcesPageTestTA" name="validateEditDataSourceTest" time="43.691"/>
  <system-out>
    <![CDATA[User LogIn Succesfully
Report tab clicked
DataSource  tab clicked
Edit button is clicked successfully
Button Clicked
Update button is clicked succesfully
Datsource is updated succesfully
User signed out successfully]]>
  </system-out>
  <testcase classname="com.ae.qa.testcasesTenantAdmin.DataSourcesPageTestTA" name="validateEditDataSourceTest" time="42.878"/>
  <system-out>
    <![CDATA[User LogIn Succesfully
Report tab clicked
DataSource  tab clicked
Edit button is clicked successfully
Button Clicked
Update button is clicked succesfully
Datsource is updated succesfully
User signed out successfully]]>
  </system-out>
  <testcase classname="com.ae.qa.testcasesTenantAdmin.DataSourcesPageTestTA" name="validateEditDataSourceTest" time="42.801"/>
  <system-out>
    <![CDATA[User LogIn Succesfully
Report tab clicked
DataSource  tab clicked
Edit button is clicked successfully
Button Clicked
Update button is clicked succesfully
Datsource is updated succesfully
User signed out successfully]]>
  </system-out>
  <testcase classname="com.ae.qa.testcasesTenantAdmin.DataSourcesPageTestTA" name="validateEditDataSourceTest" time="43.534"/>
  <system-out>
    <![CDATA[User LogIn Succesfully
Report tab clicked
DataSource  tab clicked
Edit button is clicked successfully
Button Clicked
Update button is clicked succesfully
Datsource is updated succesfully
User signed out successfully]]>
  </system-out>
  <testcase classname="com.ae.qa.testcasesTenantAdmin.DataSourcesPageTestTA" name="validateEditDataSourceTest" time="42.972"/>
  <system-out>
    <![CDATA[User LogIn Succesfully
Report tab clicked
DataSource  tab clicked
Edit button is clicked successfully
Button Clicked
Update button is clicked succesfully
Datsource is updated succesfully
User signed out successfully]]>
  </system-out>
  <testcase classname="com.ae.qa.testcasesTenantAdmin.DataSourcesPageTestTA" name="validateEditDataSourceTest" time="43.556"/>
  <system-out>
    <![CDATA[User LogIn Succesfully
Report tab clicked
DataSource  tab clicked
Edit button is clicked successfully
Button Clicked
Update button is clicked succesfully
Datsource is updated succesfully
User signed out successfully]]>
  </system-out>
</testsuite> <!-- com.ae.qa.testcasesTenantAdmin.DataSourcesPageTestTA -->
