<?xml version="1.0" encoding="UTF-8"?>
<!-- Generated by org.testng.reporters.JUnitReportReporter -->
<testsuite hostname="AELPT-0910" failures="0" tests="2" name="com.ae.qa.testcasesTenantAdmin.HomePageTestTA" time="67.383" errors="0" timestamp="2023-10-04T17:28:54 IST" skipped="0">
  <testcase classname="com.ae.qa.testcasesTenantAdmin.HomePageTestTA" name="validateLicenseDetailTabTest" time="53.664"/>
  <system-out>
    <![CDATA[User log in Successfully
Home Tab is clicked
License Details Tab is clicked
DEVELOPMENT
20
20
20
100000
10
18-Jan-2023
17-Jan-2024
Actual License details :-[DEVELOPMENT, 20, 20, 20, 100000, 10, 18-Jan-2023, 17-Jan-2024]
Expected License details :-[DEVELOPMENT, 20, 20, 20, 100000, 10, 18-Jan-2023, 17-Jan-2024]
License details are validated successfully
User signed out successfully]]>
  </system-out>
  <testcase classname="com.ae.qa.testcasesTenantAdmin.HomePageTestTA" name="validateLicenseDetailHomepageTest" time="13.719"/>
  <system-out>
    <![CDATA[User log in Successfully
Actual Agent Thread count:-20
Actual Step Units count:-100000
Actual Expiry Date:-17-Jan-2024
License details on Homepage are validated successfully
User signed out successfully]]>
  </system-out>
</testsuite> <!-- com.ae.qa.testcasesTenantAdmin.HomePageTestTA -->
