<?xml version="1.0" encoding="UTF-8"?>
<!-- Generated by org.testng.reporters.JUnitReportReporter -->
<testsuite hostname="AELPT-0910" failures="0" tests="2" name="com.ae.qa.tests.Sysadmin.PurgePolicyPageTest" time="64.384" errors="0" timestamp="2024-06-05T15:49:39 IST" skipped="0">
  <testcase classname="com.ae.qa.tests.Sysadmin.PurgePolicyPageTest" name="validateUpdatePurgePolicyEntityTest" time="35.397"/>
  <system-out>
    <![CDATA[User log in Successfully
Actual success message after setting purging policy:Policy saved successfully
Expected success message after setting purging policy:Policy saved successfully
Purge policy saved successfully]]>
  </system-out>
  <testcase classname="com.ae.qa.tests.Sysadmin.PurgePolicyPageTest" name="validatePurgePolicyPageTest" time="28.987"/>
  <system-out>
    <![CDATA[User log in Successfully
Actual page title displayed on screen is: Purging Configuration and Expected page title is: Purging Configuration
Respective Page is clicked and appropriate page is loaded properly]]>
  </system-out>
</testsuite> <!-- com.ae.qa.tests.Sysadmin.PurgePolicyPageTest -->
