<?xml version="1.0" encoding="UTF-8"?>
<!-- Generated by org.testng.reporters.JUnitReportReporter -->
<testsuite hostname="AELPT-0910" failures="0" tests="4" name="com.ae.qa.tests.AgentAdmin.AgentListPageTestAA" time="145.225" errors="0" timestamp="2024-07-01T15:05:07 IST" skipped="0">
  <testcase classname="com.ae.qa.tests.AgentAdmin.AgentListPageTestAA" name="validateEditAgentNameAATest" time="32.919"/>
  <system-out>
    <![CDATA[User navigated to Agents Tab
User navigated to Agentslist Tab
User clicked on Edit Btn
Actual message displayed on screen is: Changes saved to the agent and Expected message is: Changes saved to the agent
Edit button is clicked and Assisted agent name is changed successfully
Agent Name Changed successfully.
User signed out successfully]]>
  </system-out>
  <testcase classname="com.ae.qa.tests.AgentAdmin.AgentListPageTestAA" name="validateEditIPAddressAATest" time="29.010"/>
  <system-out>
    <![CDATA[User navigated to Agents Tab
User navigated to Agentslist Tab
User clicked on Edit Btn
RDP settings dropdown is clicked
Actual message displayed on screen is: Changes saved to the agent and Expected message is: Changes saved to the agent
Edit button is clicked and IP Address is changed successfully
User signed out successfully]]>
  </system-out>
  <testcase classname="com.ae.qa.tests.AgentAdmin.AgentListPageTestAA" name="validateStopAgentAATest" time="59.401"/>
  <system-out>
    <![CDATA[User LogIn Succesfully
User navigated to Agents Tab
Current status of Assisted Agent is: Running
Assisted Agent is in running mode
Stop Button is Clicked
Confirm Stop Button is Clicked
Current status of Assisted Agent is: Running
Current status of Assisted Agent is: Stopped
Agent is in Stopped mode
Agent is stopped successfully
User signed out successfully]]>
  </system-out>
  <testcase classname="com.ae.qa.tests.AgentAdmin.AgentListPageTestAA" name="validateDeleteAgentAATest" time="23.895"/>
  <system-out>
    <![CDATA[User LogIn Succesfully
User navigated to Agents Tab
Current status of Agent is: Stopped
Agent is in Stopped mode
Delete Button is Clicked
Confirm Delete Button is Clicked
Agent is deleted successfully
User signed out successfully]]>
  </system-out>
</testsuite> <!-- com.ae.qa.tests.AgentAdmin.AgentListPageTestAA -->
