<?xml version="1.0" encoding="UTF-8"?>
<!-- Generated by org.testng.reporters.JUnitReportReporter -->
<testsuite hostname="AELPT-0910" failures="0" tests="1" name="com.ae.qa.tests.ActivityMonitor.RequestsPageTestAM" time="35.951" errors="0" timestamp="2024-07-01T13:48:26 IST" skipped="0">
  <testcase classname="com.ae.qa.tests.ActivityMonitor.RequestsPageTestAM" name="validateRequestStatusAMTest" time="35.951"/>
  <system-out>
    <![CDATA[User logged in successfully
Requests Tab is clicked
Workflow status is:Failure
User signed out successfully]]>
  </system-out>
</testsuite> <!-- com.ae.qa.tests.ActivityMonitor.RequestsPageTestAM -->
