<?xml version="1.0" encoding="UTF-8"?>
<!-- Generated by org.testng.reporters.JUnitReportReporter -->
<testsuite hostname="AELPT-0910" failures="0" tests="3" name="com.ae.qa.testcases.PurgeSchedulePageTest" time="122.303" errors="0" timestamp="2023-09-13T13:34:57 IST" skipped="0">
  <testcase classname="com.ae.qa.testcases.PurgeSchedulePageTest" name="validatePurgingScheduleDayTest" time="50.832"/>
  <system-out>
    <![CDATA[User log in Successfully
Add button clicked
Schedule created for day of Month]]>
  </system-out>
  <testcase classname="com.ae.qa.testcases.PurgeSchedulePageTest" name="validatePurgingScheduleWeekendTest" time="41.180"/>
  <system-out>
    <![CDATA[User log in Successfully
Schedule created for day of week]]>
  </system-out>
  <testcase classname="com.ae.qa.testcases.PurgeSchedulePageTest" name="validatePurgeSchedulePageTest" time="30.291"/>
  <system-out>
    <![CDATA[User log in Successfully
Actual page title displayed on screen is: Purging Configuration and Expected page title is: Purging Configuration
Respective Page is clicked and appropriate page is loaded properly]]>
  </system-out>
</testsuite> <!-- com.ae.qa.testcases.PurgeSchedulePageTest -->
