<?xml version="1.0" encoding="UTF-8"?>
<!-- Generated by org.testng.reporters.JUnitReportReporter -->
<testsuite hostname="AELPT-0910" failures="0" tests="1" name="com.ae.qa.tests.TenantUser.WorkflowListPageTestTU" time="95.073" errors="0" timestamp="2024-07-01T15:18:54 IST" skipped="0">
  <testcase classname="com.ae.qa.tests.TenantUser.WorkflowListPageTestTU" name="validateEditWorkflowTUTest" time="95.073"/>
  <system-out>
    <![CDATA[User logged in successfully
Workflows Tab is clicked
Import button clicked
Is Assisted Workflow checkbox is unselected
Create Button is clicked
Priority is set
Expected Completion Time in Seconds is set
Maximum Completion Time in Seconds is set
Cleanup Requests older than Hours fields is set
Config Parameter is clicked
Config Parameter is entered
Save button is clicked
Workflow updated
Workflow is enabled successfully
User signed out successfully
User logged in successfully
Workflows Permissions Tab is clicked
Workflows button is clicked
Workflow is selected successfully
Users button is clicked
Modify Permission is selected successfully
Save button is clicked
Actual Success Message:- Permissions updated successfully
Expected Success Message:- Permissions updated successfully
Permission is updated successfully
User signed out successfully
User LogIn Succesfully
Workflow tab is clicked
Workflow is present in table.
Edit button is Clicked
Config Parameter is clicked
Config Parameter is entered
Save button is clicked
Workflow edited successfully
User signed out successfully]]>
  </system-out>
</testsuite> <!-- com.ae.qa.tests.TenantUser.WorkflowListPageTestTU -->
