<?xml version="1.0" encoding="UTF-8"?>
<!-- Generated by org.testng.reporters.JUnitReportReporter -->
<testsuite hostname="AELPT-0910" failures="0" tests="4" name="com.ae.qa.tests.TenantAdmin.IntegrationTypesPageTestTA" time="112.143" errors="0" timestamp="2024-06-10T17:34:01 IST" skipped="0">
  <testcase classname="com.ae.qa.tests.TenantAdmin.IntegrationTypesPageTestTA" name="validateAddIntegrationTypesTATest" time="38.290"/>
  <system-out>
    <![CDATA[User log in Successfully
Submit Button is clicked
Integration type created successfully
User signed out successfully]]>
  </system-out>
  <testcase classname="com.ae.qa.tests.TenantAdmin.IntegrationTypesPageTestTA" name="validateIntegrationTypesPageTATest" time="23.285"/>
  <system-out>
    <![CDATA[User log in Successfully
Actual page title displayed on screen is: Types and Expected page title is: Types
Respective Page is clicked and appropriate page is loaded properly
User signed out successfully]]>
  </system-out>
  <testcase classname="com.ae.qa.tests.TenantAdmin.IntegrationTypesPageTestTA" name="validateEditIntegrationTypesTATest" time="31.813"/>
  <system-out>
    <![CDATA[User log in Successfully
Edit button is clicked
Submit Button is clicked
Integration type updated successfully
User signed out successfully]]>
  </system-out>
  <testcase classname="com.ae.qa.tests.TenantAdmin.IntegrationTypesPageTestTA" name="validateDeleteIntegrationTypeTATest" time="18.755"/>
  <system-out>
    <![CDATA[User log in Successfully
Delete button is clicked successfully
Integration type is deleted successfully
User signed out successfully]]>
  </system-out>
</testsuite> <!-- com.ae.qa.tests.TenantAdmin.IntegrationTypesPageTestTA -->
