<?xml version="1.0" encoding="UTF-8"?>
<!-- Generated by org.testng.reporters.JUnitReportReporter -->
<testsuite hostname="AELPT-0910" failures="0" tests="5" name="com.ae.qa.tests.TenantAdmin.TenantMessagePageTestTA" time="130.061" errors="0" timestamp="2024-06-07T15:52:54 IST" skipped="0">
  <testcase classname="com.ae.qa.tests.TenantAdmin.TenantMessagePageTestTA" name="validateTenantMessagePageTATest" time="21.993"/>
  <system-out>
    <![CDATA[User log in Successfully
Tenant Message Tab is clicked
Actual page title displayed on screen is: Tenant Message and Expected page title is: Tenant Message
Respective Page is clicked and appropriate page is loaded properly
User signed out successfully]]>
  </system-out>
  <testcase classname="com.ae.qa.tests.TenantAdmin.TenantMessagePageTestTA" name="validateSetTenantMessageInformationTypeTest" time="31.531"/>
  <system-out>
    <![CDATA[User logged in successfully
Tenant Message Tab is clicked
Set button is clicked
Information Type is selected
Expiry Date is selected
Save button is clicked
Tenant Message is set successfully
User signed out successfully
User logged in successfully
Actual Information type message Color:-#0c5460 Expected Information type message Color:-#0c5460
User signed out successfully]]>
  </system-out>
  <testcase classname="com.ae.qa.tests.TenantAdmin.TenantMessagePageTestTA" name="validateEditToImportantTenantMessageTest" time="29.568"/>
  <system-out>
    <![CDATA[User logged in successfully
Tenant Message Tab is clicked
Edit button is clicked successfully
Important Type is selected
Save button is clicked
Tenant Message is set successfully
User signed out successfully
User logged in successfully
Actual Important type message Color:-#ffffff Expected Important type message Color:-#ffffff
User signed out successfully]]>
  </system-out>
  <testcase classname="com.ae.qa.tests.TenantAdmin.TenantMessagePageTestTA" name="validateEditToAlertTenantMessageTest" time="29.304"/>
  <system-out>
    <![CDATA[User logged in successfully
Tenant Message Tab is clicked
Edit button is clicked successfully
Alert Type is selected
Save button is clicked
Tenant Message is set successfully
User signed out successfully
User logged in successfully
Actual Alert type message Color:-#856404 Expected Alert type message Color:-#856404
User signed out successfully]]>
  </system-out>
  <testcase classname="com.ae.qa.tests.TenantAdmin.TenantMessagePageTestTA" name="validateDeleteTenantMessageMessageTest" time="17.665"/>
  <system-out>
    <![CDATA[User logged in successfully
Tenant Message Tab is clicked
Delete button is clicked successfully
Actual message:- Message deleted successfully
Expected message:- Message deleted successfully
Artifact updated successfully
User signed out successfully]]>
  </system-out>
</testsuite> <!-- com.ae.qa.tests.TenantAdmin.TenantMessagePageTestTA -->
