<?xml version="1.0" encoding="UTF-8"?>
<!-- Generated by org.testng.reporters.JUnitReportReporter -->
<testsuite hostname="AELPT-0910" failures="0" tests="2" name="com.ae.qa.testcasesUserAdmin.UserGroupsPageTestUA" time="54.370" errors="0" timestamp="2023-09-20T14:21:02 IST" skipped="0">
  <testcase classname="com.ae.qa.testcasesUserAdmin.UserGroupsPageTestUA" name="addMultipleUserToGroupUATest" time="34.000"/>
  <system-out>
    <![CDATA[User logged in successfully
Users Tab clicked
UsersGroup Tab clicked
Show Member button is clicked
assigning user1
Actual Username:User(s) added to the group successfully
Expected Username:User(s) added to the group successfully
User1 assigned and validated
Validation of no.of users
Multiple user added to the group
User signed out successfully]]>
  </system-out>
  <testcase classname="com.ae.qa.testcasesUserAdmin.UserGroupsPageTestUA" name="validateDeleteUserGroupUATest" time="20.370"/>
  <system-out>
    <![CDATA[User logged in successfully
Users tab clicked
Users group tab clicked
Delete button is clicked
Actual Username:User group deleted successfully
Expected Username:User group deleted successfully
User group deleted
User signed out successfully]]>
  </system-out>
</testsuite> <!-- com.ae.qa.testcasesUserAdmin.UserGroupsPageTestUA -->
