<?xml version="1.0" encoding="UTF-8"?>
<!-- Generated by org.testng.reporters.JUnitReportReporter -->
<testsuite hostname="DESKTOP-5VHKQUJ" failures="0" tests="1" name="com.ae.qa.testcases.ServerLogsPageTest" time="91.534" errors="0" timestamp="2023-05-09T16:12:03 IST" skipped="0">
  <testcase classname="com.ae.qa.testcases.ServerLogsPageTest" name="validateDownloadServerLogsTabTenantLicenseAdminTest" time="91.534"/>
  <system-out>
    <![CDATA[User logged in successfully]]>
  </system-out>
</testsuite> <!-- com.ae.qa.testcases.ServerLogsPageTest -->
