<?xml version="1.0" encoding="UTF-8"?>
<!-- Generated by org.testng.reporters.JUnitReportReporter -->
<testsuite hostname="AELPT-0910" failures="0" tests="9" name="com.ae.qa.testcasesTenantAdmin.CredentialsPageTestTA" time="317.323" errors="0" timestamp="2023-07-05T11:36:42 IST" skipped="0">
  <testcase classname="com.ae.qa.testcasesTenantAdmin.CredentialsPageTestTA" name="ValidateCreateCredentialsTest" time="47.136"/>
  <system-out>
    <![CDATA[User LogIn Succesfully
Credentials tab clicked
Add new button is clicked
Create button is clicked
Record for KG_Private1 credential found in table
Credentials created succesfully
User signed out successfully]]>
  </system-out>
  <testcase classname="com.ae.qa.testcasesTenantAdmin.CredentialsPageTestTA" name="ValidateEditCredentialsTest" time="55.702"/>
  <system-out>
    <![CDATA[User LogIn Succesfully
Credentials tab clicked
Edit button corresponding to credentials clicked
Year selected from Calender
Month selected from Calender
Expiry Date selected from Calender
Update button is clicked
Credentials edited succesfully with all fields
User signed out successfully]]>
  </system-out>
  <testcase classname="com.ae.qa.testcasesTenantAdmin.CredentialsPageTestTA" name="ValidateDuplicateCredentialsTest" time="40.972"/>
  <system-out>
    <![CDATA[User LogIn Succesfully
Credentials tab clicked
Add new button is clicked
Create button is clicked
Actual Duplicate Category message is :Duplicate credential name [KG_Private1]
Expected Duplicate Category message is :Duplicate credential name [KG_Private1]
Credentials with duplicate name can't created
User signed out successfully]]>
  </system-out>
  <testcase classname="com.ae.qa.testcasesTenantAdmin.CredentialsPageTestTA" name="ValidateCreateCredentialPoolTest" time="35.071"/>
  <system-out>
    <![CDATA[User LogIn Succesfully
Credentials tab clicked
Credential Pool button is clicked
Create button is clicked
Record for AE1 credential Pool found in table
Credential Pool created succesfully
User signed out successfully]]>
  </system-out>
  <testcase classname="com.ae.qa.testcasesTenantAdmin.CredentialsPageTestTA" name="ValidateDuplicateCredentialPoolTest" time="31.113"/>
  <system-out>
    <![CDATA[User LogIn Succesfully
Credentials tab clicked
Credential Pool button is clicked
Create button is clicked
Actual Duplicate Category Pool message is :Duplicate credential pool name [AE1]
Expected Duplicate Category Pool message is :Duplicate credential pool name [AE1]
Credential Pool with duplicate name can't created
User signed out successfully]]>
  </system-out>
  <testcase classname="com.ae.qa.testcasesTenantAdmin.CredentialsPageTestTA" name="ValidateMoveCredentialToPoolTest" time="32.716"/>
  <system-out>
    <![CDATA[User LogIn Succesfully
Credentials tab clicked
Credential which needs to add in crenetial pool is selcted
Credential pool in which redential needs to move is selected from dropdown
Move Button is clicked
Actual message is :Credential(s) moved successfully
Expected message is :Credential(s) moved successfully
Credential moved to credential pool successfully
User signed out successfully]]>
  </system-out>
  <testcase classname="com.ae.qa.testcasesTenantAdmin.CredentialsPageTestTA" name="validateCredentialsPageTATest" time="16.864"/>
  <system-out>
    <![CDATA[User log in Successfully
Actual page title displayed on screen is: Credentials and Expected page title is: Credentials
Respective Page is clicked and appropriate page is loaded properly
User signed out successfully]]>
  </system-out>
  <testcase classname="com.ae.qa.testcasesTenantAdmin.CredentialsPageTestTA" name="ValidateDeleteCredentialPoolTest" time="27.921"/>
  <system-out>
    <![CDATA[User LogIn Succesfully
Credentials tab clicked
Delete button on popup is confirmed
Actual message is :Credential pool [AE1] deleted successfully
Expected message is :Credential pool [AE1] deleted successfully
Credential pool deleted successfully
User signed out successfully]]>
  </system-out>
  <testcase classname="com.ae.qa.testcasesTenantAdmin.CredentialsPageTestTA" name="ValidateDeleteCredentialTest" time="29.828"/>
  <system-out>
    <![CDATA[User LogIn Succesfully
Credentials tab clicked
Delete button on popup is confirmed
Actual message is :Credential [KG_Private1] deleted successfully
Expected message is :Credential [KG_Private1] deleted successfully
Credential deleted successfully
User signed out successfully]]>
  </system-out>
</testsuite> <!-- com.ae.qa.testcasesTenantAdmin.CredentialsPageTestTA -->
