<?xml version="1.0" encoding="UTF-8"?>
<!-- Generated by org.testng.reporters.JUnitReportReporter -->
<testsuite hostname="aedbserver" failures="0" tests="4" name="com.ae.qa.testcasesTenantAdmin.FileManagementPageTestTA" time="131.203" errors="0" timestamp="2023-04-14T14:29:53 IST" skipped="0">
  <testcase classname="com.ae.qa.testcasesTenantAdmin.FileManagementPageTestTA" name="validateFileManagementPageTATest" time="29.291"/>
  <system-out>
    <![CDATA[User log in Successfully
Actual page title displayed on screen is: Workflow Files and Expected page title is: Workflow Files
Respective Page is clicked and appropriate page is loaded properly
User signed out successfully]]>
  </system-out>
  <testcase classname="com.ae.qa.testcasesTenantAdmin.FileManagementPageTestTA" name="validateUploadWFFileManagementTest" time="39.598"/>
  <system-out>
    <![CDATA[User log in Successfully
Upload Button is clicked
Workflow Name is selected
Submit button is clicked
Actual Filename:- WFWithConfigParam.zip Expected Filename:- WFWithConfigParam.zip
Workflow is uploaded successfully
User signed out successfully]]>
  </system-out>
  <testcase classname="com.ae.qa.testcasesTenantAdmin.FileManagementPageTestTA" name="validateEditWFFileManagementTest" time="33.177"/>
  <system-out>
    <![CDATA[User log in Successfully
File Management tab is clicked successfully
Edit button is clicked successfully
Submit button is clicked
Workflow file is edited successfully
User signed out successfully]]>
  </system-out>
  <testcase classname="com.ae.qa.testcasesTenantAdmin.FileManagementPageTestTA" name="validateDeleteUploadWFFileManagementTest" time="29.137"/>
  <system-out>
    <![CDATA[User log in Successfully
File Management tab is clicked successfully
Delete button is clicked successfully
Workflow file is deleted successfully
User signed out successfully]]>
  </system-out>
</testsuite> <!-- com.ae.qa.testcasesTenantAdmin.FileManagementPageTestTA -->
