<?xml version="1.0" encoding="UTF-8"?>
<!-- Generated by org.testng.reporters.JUnitReportReporter -->
<testsuite hostname="DESKTOP-5VHKQUJ" failures="0" tests="4" name="com.ae.qa.testcasesTenantAdmin.PluginsPageTestTA" time="513.439" errors="0" timestamp="2023-05-02T18:33:23 IST" skipped="0">
  <testcase classname="com.ae.qa.testcasesTenantAdmin.PluginsPageTestTA" name="validateAdvSearchForReleaseVersionEqualToPluginsPageTATest" time="131.948"/>
  <system-out>
    <![CDATA[User log in Successfully
Advanced Search is clicked
Release Version is selected
equal to comparator is selected
Add filter button is clicked successfully
Search button is clicked
Below validation is to validate new tenant record is visible in webtable]]>
  </system-out>
  <testcase classname="com.ae.qa.testcasesTenantAdmin.PluginsPageTestTA" name="validateAdvSearchForReleaseVersionNotEqualToPluginsPageTATest" time="126.286"/>
  <system-out>
    <![CDATA[User log in Successfully
Advanced Search is clicked
Release Version is selected
not equal to comparator is selected
Add filter button is clicked successfully
Search button is clicked
Below validation is to validate new tenant record is visible in webtable]]>
  </system-out>
  <testcase classname="com.ae.qa.testcasesTenantAdmin.PluginsPageTestTA" name="validateAdvSearchForReleaseVersionIsLikePluginsPageTATest" time="126.100"/>
  <system-out>
    <![CDATA[User log in Successfully
Advanced Search is clicked
Release Version is selected
is like comparator is selected
Add filter button is clicked successfully
Search button is clicked
Below validation is to validate new tenant record is visible in webtable]]>
  </system-out>
  <testcase classname="com.ae.qa.testcasesTenantAdmin.PluginsPageTestTA" name="validateAdvSearchForReleaseVersionBeginsWithPluginsPageTATest" time="129.105"/>
  <system-out>
    <![CDATA[User log in Successfully
Advanced Search is clicked
Release Version is selected
begins with comparator is selected
Add filter button is clicked successfully
Search button is clicked
Below validation is to validate new tenant record is visible in webtable]]>
  </system-out>
</testsuite> <!-- com.ae.qa.testcasesTenantAdmin.PluginsPageTestTA -->
