<?xml version="1.0" encoding="UTF-8"?>
<!-- Generated by org.testng.reporters.JUnitReportReporter -->
<testsuite hostname="AELPT-0910" failures="0" tests="5" name="com.ae.qa.tests.Sysadmin.RateLimiterPageTest" time="96.390" errors="0" timestamp="2024-06-05T15:57:46 IST" skipped="0">
  <testcase classname="com.ae.qa.tests.Sysadmin.RateLimiterPageTest" name="validateEditUnauthenticatedRequestsLimitsTest" time="22.739"/>
  <system-out>
    <![CDATA[User logged in successfully
Rate Limiter tab is clicked successfully
Rate limiter properties button is clicked successfully
Edit button is clicked successfully
Unauthenticated Requests Limits is updated successfully
User signed out successfully]]>
  </system-out>
  <testcase classname="com.ae.qa.tests.Sysadmin.RateLimiterPageTest" name="validateEditUnauthenticatedLimitResetTest" time="17.627"/>
  <system-out>
    <![CDATA[User logged in successfully
Rate Limiter tab is clicked successfully
Rate limiter properties button is clicked successfully
Edit button is clicked successfully
Unauthenticated Requests Limits is updated successfully
User signed out successfully]]>
  </system-out>
  <testcase classname="com.ae.qa.tests.Sysadmin.RateLimiterPageTest" name="validateEditTenantLimitResetTest" time="18.069"/>
  <system-out>
    <![CDATA[User logged in successfully
Rate Limiter tab is clicked successfully
Rate limiter properties button is clicked successfully
Edit button is clicked successfully
Unauthenticated Requests Limits is updated successfully
User signed out successfully]]>
  </system-out>
  <testcase classname="com.ae.qa.tests.Sysadmin.RateLimiterPageTest" name="validateEditUserLimitResetTest" time="17.061"/>
  <system-out>
    <![CDATA[User logged in successfully
Rate Limiter tab is clicked successfully
Rate limiter properties button is clicked successfully
Edit button is clicked successfully
Unauthenticated Requests Limits is updated successfully
User signed out successfully]]>
  </system-out>
  <testcase classname="com.ae.qa.tests.Sysadmin.RateLimiterPageTest" name="validateRateLimiterPageTest" time="20.894"/>
  <system-out>
    <![CDATA[User logged in successfully
Rate Limiter tab is clicked successfully
Actual page title displayed on screen is: Rate Limiter and Expected page title is: Rate Limiter
Respective Page is clicked and appropriate page is loaded properly
User signed out successfully]]>
  </system-out>
</testsuite> <!-- com.ae.qa.tests.Sysadmin.RateLimiterPageTest -->
