<?xml version="1.0" encoding="UTF-8"?>
<!-- Generated by org.testng.reporters.JUnitReportReporter -->
<testsuite hostname="AELPT-0910" failures="0" tests="3" name="com.ae.qa.tests.Sysadmin.InformationPageTest" time="123.576" errors="0" timestamp="2024-06-05T14:03:29 IST" skipped="0">
  <testcase classname="com.ae.qa.tests.Sysadmin.InformationPageTest" name="validateLastLoginTest" time="37.080"/>
  <system-out>
    <![CDATA[User logged in successfully
Last login time displayed successfully]]>
  </system-out>
  <testcase classname="com.ae.qa.tests.Sysadmin.InformationPageTest" name="validateViewProfileTest" time="51.064"/>
  <system-out>
    <![CDATA[User logged in successfully
Profile details validation successfully.]]>
  </system-out>
  <testcase classname="com.ae.qa.tests.Sysadmin.InformationPageTest" name="validateAboutTabTest" time="35.432"/>
  <system-out>
    <![CDATA[User log in successfully]]>
  </system-out>
</testsuite> <!-- com.ae.qa.tests.Sysadmin.InformationPageTest -->
