<?xml version="1.0" encoding="UTF-8"?>
<!-- Generated by org.testng.reporters.JUnitReportReporter -->
<testsuite hostname="AELPT-0910" failures="0" tests="2" name="com.ae.qa.tests.Sysadmin.TenantsPageTest" time="71.697" errors="0" timestamp="2024-06-06T13:07:23 IST" skipped="0">
  <testcase classname="com.ae.qa.tests.Sysadmin.TenantsPageTest" name="validateaddNewTenantsWithDuplicateOrgCode" time="40.809"/>
  <system-out>
    <![CDATA[User log in Successfully
Failure message after entering same org code : Duplicate org code [KG01].
New Usernot created due to duplicate orgcode.]]>
  </system-out>
  <testcase classname="com.ae.qa.tests.Sysadmin.TenantsPageTest" name="verifyLicenseInfoTest" time="30.888"/>
  <system-out>
    <![CDATA[User log in Successfully
License status verified]]>
  </system-out>
</testsuite> <!-- com.ae.qa.tests.Sysadmin.TenantsPageTest -->
