<?xml version="1.0" encoding="UTF-8"?>
<!-- Generated by org.testng.reporters.JUnitReportReporter -->
<testsuite hostname="AELPT-0910" failures="0" tests="3" name="com.ae.qa.tests.Sysadmin.IntegrationTypesPageTest" time="108.243" errors="0" timestamp="2024-06-05T14:18:55 IST" skipped="0">
  <testcase classname="com.ae.qa.tests.Sysadmin.IntegrationTypesPageTest" name="validateAddIntegrationTypesTest" time="37.982"/>
  <system-out>
    <![CDATA[User log in Successfully
Submit Button is clicked
Integration type created successfully]]>
  </system-out>
  <testcase classname="com.ae.qa.tests.Sysadmin.IntegrationTypesPageTest" name="validateEditIntegrationTypesTest" time="38.114"/>
  <system-out>
    <![CDATA[User log in Successfully
Edit button is clicked
Submit Button is clicked
Integration type updated successfully]]>
  </system-out>
  <testcase classname="com.ae.qa.tests.Sysadmin.IntegrationTypesPageTest" name="validateDeleteIntegrationTypeTest" time="32.147"/>
  <system-out>
    <![CDATA[User log in Successfully
Actual success msg is: Integration type [RemedyForce] deleted successfully
Expected success msg is: Integration type [RemedyForce] deleted successfully
Integration type is deleted successfully]]>
  </system-out>
</testsuite> <!-- com.ae.qa.tests.Sysadmin.IntegrationTypesPageTest -->
