<?xml version="1.0" encoding="UTF-8"?>
<!-- Generated by org.testng.reporters.JUnitReportReporter -->
<testsuite hostname="AELPT-0910" failures="0" tests="5" name="com.ae.qa.tests.TenantAdmin.IPWhitelistingPageTestTA" time="146.590" errors="0" timestamp="2024-06-07T16:13:06 IST" skipped="0">
  <testcase classname="com.ae.qa.tests.TenantAdmin.IPWhitelistingPageTestTA" name="validateIPWhitelistingPageTATest" time="21.313"/>
  <system-out>
    <![CDATA[User log in Successfully
Actual page title displayed on screen is: IP Whitelisting and Expected page title is: IP Whitelisting
Respective Page is clicked and appropriate page is loaded properly
User signed out successfully]]>
  </system-out>
  <testcase classname="com.ae.qa.tests.TenantAdmin.IPWhitelistingPageTestTA" name="validateDeleteLastWhitelistRecordTATest" time="15.522"/>
  <system-out>
    <![CDATA[User log in Successfully
IPWhitelisting Tab is clicked successfully
Delete button is clicked successfully
User signed out successfully]]>
  </system-out>
  <testcase classname="com.ae.qa.tests.TenantAdmin.IPWhitelistingPageTestTA" name="validateInvalidIPAddressTATest" time="46.045"/>
  <system-out>
    <![CDATA[User log in Successfully
IPWhitelisting Tab is clicked successfully
Add button is clicked successfully
Delete button is clicked successfully
User navigated to Agents Tab
Current status of Agent is: Stopped
Agent is in stopped mode
Invalid IP Address is listed so agent is in stopped mode
User signed out successfully]]>
  </system-out>
  <testcase classname="com.ae.qa.tests.TenantAdmin.IPWhitelistingPageTestTA" name="validateValidIPAddressTATest" time="44.263"/>
  <system-out>
    <![CDATA[User log in Successfully
IPWhitelisting Tab is clicked successfully
Add button is clicked successfully
User navigated to Agents Tab
Current status of Agent is: Running
Agent is in running mode
Valid IP Address is listed so agent is in running mode
User signed out successfully]]>
  </system-out>
  <testcase classname="com.ae.qa.tests.TenantAdmin.IPWhitelistingPageTestTA" name="validateEditIPAddressTATest" time="19.447"/>
  <system-out>
    <![CDATA[User log in Successfully
IPWhitelisting Tab is clicked successfully
Edit button is clicked successfully
IP Address is edited successfully
User signed out successfully]]>
  </system-out>
</testsuite> <!-- com.ae.qa.tests.TenantAdmin.IPWhitelistingPageTestTA -->
