<?xml version="1.0" encoding="UTF-8"?>
<!-- Generated by org.testng.reporters.JUnitReportReporter -->
<testsuite hostname="AELPT-0910" failures="0" tests="1" name="com.ae.qa.tests.Sysadmin.SysadminPolicyPageTest" time="47.552" errors="0" timestamp="2024-06-05T18:36:16 IST" skipped="0">
  <testcase classname="com.ae.qa.tests.Sysadmin.SysadminPolicyPageTest" name="validatePswdComplexityTest" time="47.552"/>
  <system-out>
    <![CDATA[User log in Successfully]]>
  </system-out>
</testsuite> <!-- com.ae.qa.tests.Sysadmin.SysadminPolicyPageTest -->
