<?xml version="1.0" encoding="UTF-8"?>
<!-- Generated by org.testng.reporters.JUnitReportReporter -->
<testsuite hostname="AELPT-0910" failures="0" tests="2" name="com.ae.qa.tests.TenantAdmin.DashboardsPageTestTA" time="90.764" errors="0" timestamp="2024-06-27T11:13:48 IST" skipped="0">
  <testcase classname="com.ae.qa.tests.TenantAdmin.DashboardsPageTestTA" name="validateDashboardNoneTest" time="32.295"/>
  <system-out>
    <![CDATA[User logged in successfully
Reports Tab is clicked
New Dashboard button is clicked
Dashboard level is already selcted
Dashboard duration None selected
Actual Success Msg:Dashboard created successfully
Expected Success Msg:Dashboard created successfully
Dashboard at None level created successfully]]>
  </system-out>
  <testcase classname="com.ae.qa.tests.TenantAdmin.DashboardsPageTestTA" name="validateReportNoneMultipleWFTest" time="58.469"/>
  <system-out>
    <![CDATA[User logged in successfully
Reports Tab is clicked
Dashboard chosed successfully
Add report is clicked
Report Type selected successfully
Generate on Worklfows radio button already selected
one workflow is selected
Second workflow is selected
Page size is selected successfully
Generate button selected successfully
Report added as a table
Update button is clicked successfully
Add button is clicked successfully
Report Workflow Execution Summary KG displayed on screen successfully
User signed out successfully]]>
  </system-out>
</testsuite> <!-- com.ae.qa.tests.TenantAdmin.DashboardsPageTestTA -->
