<?xml version="1.0" encoding="UTF-8"?>
<!-- Generated by org.testng.reporters.JUnitReportReporter -->
<testsuite hostname="AELPT-0910" failures="0" tests="6" name="com.ae.qa.tests.TenantAdmin.RoiConfigurationPageTestTA" time="220.964" errors="0" timestamp="2024-06-13T11:56:23 IST" skipped="0">
  <testcase classname="com.ae.qa.tests.TenantAdmin.RoiConfigurationPageTestTA" name="validateSpecifyCostingForWorkflowTATest" time="42.368"/>
  <system-out>
    <![CDATA[User logged in successfully
ROI Configuration Tab is clicked
Advanced Search is clicked
Workflow Name is selected
equal to comparator is selected
Add filter button is clicked successfully
Search button is clicked
Transaction Level is selected successfully
Workflow ROI details costing value are updated successfully
User signed out successfully]]>
  </system-out>
  <testcase classname="com.ae.qa.tests.TenantAdmin.RoiConfigurationPageTestTA" name="validateSpecifyDecimalValueForCostingTATest" time="38.920"/>
  <system-out>
    <![CDATA[User logged in successfully
ROI Configuration Tab is clicked
Advanced Search is clicked
Workflow Name is selected
equal to comparator is selected
Add filter button is clicked successfully
Search button is clicked
Workflow ROI details are updated successfully
User signed out successfully]]>
  </system-out>
  <testcase classname="com.ae.qa.tests.TenantAdmin.RoiConfigurationPageTestTA" name="validateSpecifyNegativeValueForCostingTATest" time="34.456"/>
  <system-out>
    <![CDATA[User logged in successfully
ROI Configuration Tab is clicked
Advanced Search is clicked
Workflow Name is selected
equal to comparator is selected
Add filter button is clicked successfully
Search button is clicked
Actual Message:- Invalid input. Enter Positive Number
Expected Message:- Invalid input. Enter Positive Number
Negative Value for costing is not allowed successfullyInvalid input. Enter Positive Number
User signed out successfully]]>
  </system-out>
  <testcase classname="com.ae.qa.tests.TenantAdmin.RoiConfigurationPageTestTA" name="validateNoAssociatedCostMetricsTATest" time="32.772"/>
  <system-out>
    <![CDATA[User logged in successfully
ROI Configuration Tab is clicked
Advanced Search is clicked
Workflow Name is selected
equal to comparator is selected
Add filter button is clicked successfully
Search button is clicked
No Associated Cost Metrics is selected successfully
Workflow ROI details are updated successfully
Costing value is zero when No Associated Cost Metrics is selected
User signed out successfully]]>
  </system-out>
  <testcase classname="com.ae.qa.tests.TenantAdmin.RoiConfigurationPageTestTA" name="validateSpecifyCostingAndManualEffortsBothTATest" time="36.833"/>
  <system-out>
    <![CDATA[User logged in successfully
ROI Configuration Tab is clicked
Advanced Search is clicked
Workflow Name is selected
equal to comparator is selected
Add filter button is clicked successfully
Search button is clicked
Transaction Level is selected successfully
Minutes is selected successfully
Workflow ROI details are updated successfully
User signed out successfully]]>
  </system-out>
  <testcase classname="com.ae.qa.tests.TenantAdmin.RoiConfigurationPageTestTA" name="validateSpecifyManualRequiredTimeOnlyTATest" time="35.615"/>
  <system-out>
    <![CDATA[User logged in successfully
ROI Configuration Tab is clicked
Advanced Search is clicked
Workflow Name is selected
equal to comparator is selected
Add filter button is clicked successfully
Search button is clicked
Transaction Level is selected successfully
Minutes is selected successfully
Workflow ROI details are updated successfully
User signed out successfully]]>
  </system-out>
</testsuite> <!-- com.ae.qa.tests.TenantAdmin.RoiConfigurationPageTestTA -->
