<?xml version="1.0" encoding="UTF-8"?>
<!-- Generated by org.testng.reporters.JUnitReportReporter -->
<testsuite hostname="AELPT-0910" failures="0" tests="3" name="com.ae.qa.tests.TenantUser.InformationPageTestTU" time="106.342" errors="0" timestamp="2024-07-01T11:59:23 IST" skipped="0">
  <testcase classname="com.ae.qa.tests.TenantUser.InformationPageTestTU" name="validateLastLoginTUTest" time="30.702"/>
  <system-out>
    <![CDATA[User changed first time password of User Successfully
User log in Successfully
Last login time displayed successfully
User signed out successfully]]>
  </system-out>
  <testcase classname="com.ae.qa.tests.TenantUser.InformationPageTestTU" name="validateViewProfileTUTest" time="47.328"/>
  <system-out>
    <![CDATA[User logged in successfully
Profile details validation successfully.
User signed out successfully]]>
  </system-out>
  <testcase classname="com.ae.qa.tests.TenantUser.InformationPageTestTU" name="validateAboutTabTUTest" time="28.312"/>
  <system-out>
    <![CDATA[User log in successfully
User signed out successfully]]>
  </system-out>
</testsuite> <!-- com.ae.qa.tests.TenantUser.InformationPageTestTU -->
