<?xml version="1.0" encoding="UTF-8"?>
<!-- Generated by org.testng.reporters.JUnitReportReporter -->
<testsuite hostname="AELPT-0910" failures="0" tests="18" name="com.ae.qa.tests.TenantAdmin.RolesPageTestTA" time="558.998" errors="0" timestamp="2024-06-10T14:04:43 IST" skipped="0">
  <testcase classname="com.ae.qa.tests.TenantAdmin.RolesPageTestTA" name="validateCreateNewRoleWithTemplateRoleTATest" time="101.311"/>
  <system-out>
    <![CDATA[User logged in successfully
Roles tab is clicked successfully
User defined roles button is clicked successfully
New Role button is clicked successfully
AdminRole is selected successfully
Web Portal Access checkbox is selected successfully
Audit Logs allow all permission is assigned successfully
Save button is clicked successfully
Custom User Role with selected role template is created successfully
User signed out successfully
User log in Successfully
started creating new CustomRoleWithTemplateRoleTA [Custom]
CustomRoleWithTemplateRoleTA [Custom] is created successfully
CustomRoleWithTemplateRoleTA [Custom] created successfully
User signed out successfully
User changed first time password of User Successfully
Clicked on logs tab
Clicked on audit logs tab
Clicked the download button
Audit logs download started Successfully
User signed out successfully]]>
  </system-out>
  <testcase classname="com.ae.qa.tests.TenantAdmin.RolesPageTestTA" name="validateEditNewRoleWithTemplateRoleTATest" time="34.872"/>
  <system-out>
    <![CDATA[User logged in successfully
Roles tab is clicked successfully
User defined roles button is clicked successfully
Edit role button is clicked successfully
Requests allow all permission is assigned successfully
Process Studio allow all permission is assigned successfully
Save button is clicked successfully
Custom User Role without selection role template is edited successfully
User signed out successfully
Requests Tab is clicked
Download button is clicked & request download started
User signed out successfully]]>
  </system-out>
  <testcase classname="com.ae.qa.tests.TenantAdmin.RolesPageTestTA" name="validateSystemDefinedRolesTATest" time="19.948"/>
  <system-out>
    <![CDATA[User logged in successfully
Roles tab is clicked successfully
System defined roles button is clicked Successfully
View roles and permission button is clicked Successfully
User signed out successfully]]>
  </system-out>
  <testcase classname="com.ae.qa.tests.TenantAdmin.RolesPageTestTA" name="validateSystemDefinedRolesTATest" time="19.876"/>
  <system-out>
    <![CDATA[User logged in successfully
Roles tab is clicked successfully
System defined roles button is clicked Successfully
View roles and permission button is clicked Successfully
User signed out successfully]]>
  </system-out>
  <testcase classname="com.ae.qa.tests.TenantAdmin.RolesPageTestTA" name="validateSystemDefinedRolesTATest" time="19.452"/>
  <system-out>
    <![CDATA[User logged in successfully
Roles tab is clicked successfully
System defined roles button is clicked Successfully
View roles and permission button is clicked Successfully
User signed out successfully]]>
  </system-out>
  <testcase classname="com.ae.qa.tests.TenantAdmin.RolesPageTestTA" name="validateSystemDefinedRolesTATest" time="19.645"/>
  <system-out>
    <![CDATA[User logged in successfully
Roles tab is clicked successfully
System defined roles button is clicked Successfully
View roles and permission button is clicked Successfully
User signed out successfully]]>
  </system-out>
  <testcase classname="com.ae.qa.tests.TenantAdmin.RolesPageTestTA" name="validateSystemDefinedRolesTATest" time="19.895"/>
  <system-out>
    <![CDATA[User logged in successfully
Roles tab is clicked successfully
System defined roles button is clicked Successfully
View roles and permission button is clicked Successfully
User signed out successfully]]>
  </system-out>
  <testcase classname="com.ae.qa.tests.TenantAdmin.RolesPageTestTA" name="validateSystemDefinedRolesTATest" time="19.772"/>
  <system-out>
    <![CDATA[User logged in successfully
Roles tab is clicked successfully
System defined roles button is clicked Successfully
View roles and permission button is clicked Successfully
User signed out successfully]]>
  </system-out>
  <testcase classname="com.ae.qa.tests.TenantAdmin.RolesPageTestTA" name="validateCreateRoleWithoutWebPortalAccessTATest" time="70.647"/>
  <system-out>
    <![CDATA[User logged in successfully
Roles tab is clicked successfully
User defined roles button is clicked successfully
New Role button is clicked successfully
AdminRole is selected successfully
Web Portal Access checkbox is not selected
Web Portal Access is selected successfully
Save button is clicked successfully
Custom User Role without Web Portal Access is created successfully
User signed out successfully
User log in Successfully
started creating new CustomRoleWithoutWebPortalAccessTA [Custom]
CustomRoleWithoutWebPortalAccessTA [Custom] is created successfully
CustomRoleWithoutWebPortalAccessTA [Custom] created successfully
User signed out successfully
User changed first time password of User Successfully
Actual Failure Message:- You do not have access to AutomationEdge Web Portal. Should you have any inquiries or require assistance, kindly get in touch with the Administrator for further support.
Expected Failure Message:- You do not have access to AutomationEdge Web Portal. Should you have any inquiries or require assistance, kindly get in touch with the Administrator for further support.]]>
  </system-out>
  <testcase classname="com.ae.qa.tests.TenantAdmin.RolesPageTestTA" name="validateDeleteUserDefinedCustomRoleAssignedUserTATest" time="17.476"/>
  <system-out>
    <![CDATA[User logged in successfully
Roles tab is clicked successfully
User defined roles button is clicked successfully
Actual Failure Message:- Cannot delete role! It is assigned to one or more users. Remove the roles of existing users and try again! Users: [CustomRoleWithoutWebPortalAccessTA]
Expected Failure Message:- Cannot delete role! It is assigned to one or more users. Remove the roles of existing users and try again! Users: [CustomRoleWithoutWebPortalAccessTA]
User signed out successfully]]>
  </system-out>
  <testcase classname="com.ae.qa.tests.TenantAdmin.RolesPageTestTA" name="validateDeleteUserDefinedCustomRoleNoAssignedUserTATest" time="30.020"/>
  <system-out>
    <![CDATA[User logged in successfully
Roles tab is clicked successfully
User defined roles button is clicked successfully
New Role button is clicked successfully
AdminRole is selected successfully
Web Portal Access checkbox is not selected
Web Portal Access is selected successfully
Save button is clicked successfully
Custom User Role without Web Portal Access is created successfully
Actual Success Message:- Role [DeleteCustomRole1] saved Successfully
Expected Success Message:- Role [DeleteCustomRole1] deleted successfully
User signed out successfully]]>
  </system-out>
  <testcase classname="com.ae.qa.tests.TenantAdmin.RolesPageTestTA" name="validateCreateUserDefinedTemplateRoleTATest" time="27.738"/>
  <system-out>
    <![CDATA[User logged in successfully
Roles tab is clicked successfully
User defined roles button is clicked successfully
New Role button is clicked successfully
Agent AdminRole is selected successfully
Web Portal Access checkbox is selected successfully
Save button is clicked successfully
Custom User Role without Web Portal Access is created successfully
User signed out successfully]]>
  </system-out>
  <testcase classname="com.ae.qa.tests.TenantAdmin.RolesPageTestTA" name="validateCreateUserDefinedTemplateRoleTATest" time="27.558"/>
  <system-out>
    <![CDATA[User logged in successfully
Roles tab is clicked successfully
User defined roles button is clicked successfully
New Role button is clicked successfully
Activity MonitorRole is selected successfully
Web Portal Access checkbox is selected successfully
Save button is clicked successfully
Custom User Role without Web Portal Access is created successfully
User signed out successfully]]>
  </system-out>
  <testcase classname="com.ae.qa.tests.TenantAdmin.RolesPageTestTA" name="validateCreateUserDefinedTemplateRoleTATest" time="27.506"/>
  <system-out>
    <![CDATA[User logged in successfully
Roles tab is clicked successfully
User defined roles button is clicked successfully
New Role button is clicked successfully
UserRole is selected successfully
Web Portal Access checkbox is selected successfully
Save button is clicked successfully
Custom User Role without Web Portal Access is created successfully
User signed out successfully]]>
  </system-out>
  <testcase classname="com.ae.qa.tests.TenantAdmin.RolesPageTestTA" name="validateCreateUserDefinedTemplateRoleTATest" time="27.657"/>
  <system-out>
    <![CDATA[User logged in successfully
Roles tab is clicked successfully
User defined roles button is clicked successfully
New Role button is clicked successfully
Workflow AdminRole is selected successfully
Web Portal Access checkbox is selected successfully
Save button is clicked successfully
Custom User Role without Web Portal Access is created successfully
User signed out successfully]]>
  </system-out>
  <testcase classname="com.ae.qa.tests.TenantAdmin.RolesPageTestTA" name="validateCreateUserDefinedTemplateRoleTATest" time="28.353"/>
  <system-out>
    <![CDATA[User logged in successfully
Roles tab is clicked successfully
User defined roles button is clicked successfully
New Role button is clicked successfully
AdminRole is selected successfully
Web Portal Access checkbox is selected successfully
Save button is clicked successfully
Custom User Role without Web Portal Access is created successfully
User signed out successfully]]>
  </system-out>
  <testcase classname="com.ae.qa.tests.TenantAdmin.RolesPageTestTA" name="validateCreateUserDefinedTemplateRoleTATest" time="27.834"/>
  <system-out>
    <![CDATA[User logged in successfully
Roles tab is clicked successfully
User defined roles button is clicked successfully
New Role button is clicked successfully
User AdminRole is selected successfully
Web Portal Access checkbox is selected successfully
Save button is clicked successfully
Custom User Role without Web Portal Access is created successfully
User signed out successfully]]>
  </system-out>
  <testcase classname="com.ae.qa.tests.TenantAdmin.RolesPageTestTA" name="validateRolesPageTATest" time="19.438"/>
  <system-out>
    <![CDATA[User log in Successfully
Roles tab is clicked successfully
Actual page title displayed on screen is: Roles and Expected page title is: Roles
Respective Page is clicked and appropriate page is loaded properly
User signed out successfully]]>
  </system-out>
</testsuite> <!-- com.ae.qa.tests.TenantAdmin.RolesPageTestTA -->
