<?xml version="1.0" encoding="UTF-8"?>
<!-- Generated by org.testng.reporters.JUnitReportReporter -->
<testsuite hostname="AELPT-0910" failures="0" tests="1" name="com.ae.qa.tests.UserAdmin.UserGroupsPageTestUA" time="40.596" errors="0" timestamp="2024-07-01T15:55:07 IST" skipped="0">
  <testcase classname="com.ae.qa.tests.UserAdmin.UserGroupsPageTestUA" name="addMultipleUserToGroupUATest" time="40.596"/>
  <system-out>
    <![CDATA[User logged in successfully
Users Tab clicked
UsersGroup Tab clicked
Show Member button is clicked
assigning user1
Actual Username:User(s) added to the group successfully
Expected Username:User(s) added to the group successfully
User1 assigned and validated
Validation of no.of users
Multiple user added to the group
User signed out successfully]]>
  </system-out>
</testsuite> <!-- com.ae.qa.tests.UserAdmin.UserGroupsPageTestUA -->
