<?xml version="1.0" encoding="UTF-8"?>
<!-- Generated by org.testng.reporters.JUnitReportReporter -->
<testsuite hostname="AELPT-0910" failures="0" tests="1" name="com.ae.qa.testcasesTenantAdmin.ProcessStudioPageTestTA" time="35.180" errors="0" timestamp="2023-10-05T10:20:54 IST" skipped="0">
  <testcase classname="com.ae.qa.testcasesTenantAdmin.ProcessStudioPageTestTA" name="validateUnAssignPSTest" time="35.180"/>
  <system-out>
    <![CDATA[User logged in successfully
Process Studio Tab is clicked
Save button is clicked
User signed out successfully]]>
  </system-out>
</testsuite> <!-- com.ae.qa.testcasesTenantAdmin.ProcessStudioPageTestTA -->
