<?xml version="1.0" encoding="UTF-8"?>
<!-- Generated by org.testng.reporters.JUnitReportReporter -->
<testsuite hostname="AELPT-0910" failures="0" tests="4" name="com.ae.qa.tests.WorkflowAdmin.CategoriesPageTestWA" time="94.974" errors="0" timestamp="2024-07-01T17:23:58 IST" skipped="0">
  <testcase classname="com.ae.qa.tests.WorkflowAdmin.CategoriesPageTestWA" name="ValidateCreateCategoryWATest" time="28.129"/>
  <system-out>
    <![CDATA[User LogIn Succesfully
Categories tab clicked
Category name is entered which is only mandatory field
Actual Category created message is :Workflow category created successfully
Expected Category created message is :Workflow category created successfully
Category created succesfully
User signed out successfully]]>
  </system-out>
  <testcase classname="com.ae.qa.tests.WorkflowAdmin.CategoriesPageTestWA" name="ValidateEditCategoryWATest" time="26.948"/>
  <system-out>
    <![CDATA[User LogIn Succesfully
Categories tab clicked
Edit Button corresponding to required category is clicked
Category Description is entered
Actual Category edited message is :Workflow category updated successfully
Expected Category edited message is :Workflow category updated successfully
Category edited succesfully
User signed out successfully]]>
  </system-out>
  <testcase classname="com.ae.qa.tests.WorkflowAdmin.CategoriesPageTestWA" name="ValidateAssignWFToCategoryWATest" time="19.998"/>
  <system-out>
    <![CDATA[User LogIn Succesfully
Categories tab clicked
Workflow which needs to move is checked
category in which wf needs to move is selected from dropdown
Actual message is :Workflow(s) category changed successfully
Expected message is :Workflow(s) category changed successfully
Workflow assigned to category succesfully
User signed out successfully]]>
  </system-out>
  <testcase classname="com.ae.qa.tests.WorkflowAdmin.CategoriesPageTestWA" name="ValidateRemoveWFFromCategoryWATest" time="19.899"/>
  <system-out>
    <![CDATA[User LogIn Succesfully
Categories tab clicked
Category from which wf needs to remove is selected
Workflow assigned to category is removed
Actual message is :Workflow removed from this category successfully
Expected message is :Workflow removed from this category successfully
Workflow removed from category succesfully
User signed out successfully]]>
  </system-out>
</testsuite> <!-- com.ae.qa.tests.WorkflowAdmin.CategoriesPageTestWA -->
