<?xml version="1.0" encoding="UTF-8"?>
<!-- Generated by org.testng.reporters.JUnitReportReporter -->
<testsuite hostname="AELPT-0910" failures="0" tests="1" name="com.ae.qa.tests.WorkflowAdmin.WorkflowListPageTestWA" time="44.394" errors="0" timestamp="2024-07-01T17:55:16 IST" skipped="0">
  <testcase classname="com.ae.qa.tests.WorkflowAdmin.WorkflowListPageTestWA" name="validateExportWFVerifiedWATest" time="44.394"/>
  <system-out>
    <![CDATA[User LogIn Succesfully
workflowList  tab clicked
Clicked the Dropdown button
Clicked the Export option from dropdown
Clicked the Workflows dropdown 
Clicked on search bar
Multiple Workflow are exported successfully
User signed out successfully]]>
  </system-out>
</testsuite> <!-- com.ae.qa.tests.WorkflowAdmin.WorkflowListPageTestWA -->
