<?xml version="1.0" encoding="UTF-8"?>
<!-- Generated by org.testng.reporters.JUnitReportReporter -->
<testsuite hostname="AELPT-0910" failures="0" tests="1" name="com.ae.qa.testcasesTenantAdmin.SharedWorkflowsPageTestTA" time="23.283" errors="0" timestamp="2023-08-01T12:14:13 IST" skipped="0">
  <testcase classname="com.ae.qa.testcasesTenantAdmin.SharedWorkflowsPageTestTA" name="validateImportDevExportedSharedWFTest" time="23.283"/>
  <system-out>
    <![CDATA[User logged in successfully
Upload button is clicked successfully
Shared workflow is imported successfully
Shared workflow of development is imported in UAT successfully
User signed out successfully]]>
  </system-out>
</testsuite> <!-- com.ae.qa.testcasesTenantAdmin.SharedWorkflowsPageTestTA -->
