<?xml version="1.0" encoding="UTF-8"?>
<!-- Generated by org.testng.reporters.JUnitReportReporter -->
<testsuite hostname="AELPT-0910" failures="0" tests="1" name="com.ae.qa.testcasesWorkflowAdmin.WorkflowListPageTestWA" time="23.796" errors="0" timestamp="2023-09-20T16:17:12 IST" skipped="0">
  <testcase classname="com.ae.qa.testcasesWorkflowAdmin.WorkflowListPageTestWA" name="validateEditWFWATest" time="23.796"/>
  <system-out>
    <![CDATA[User LogIn Succesfully
workflowList  tab clicked
Edit button is clicked
Priority is set
Cleanup Requests older than Hours fields is set
Save button is clicked
Workflow updated
User signed out successfully]]>
  </system-out>
</testsuite> <!-- com.ae.qa.testcasesWorkflowAdmin.WorkflowListPageTestWA -->
