<?xml version="1.0" encoding="UTF-8"?>
<!-- Generated by org.testng.reporters.JUnitReportReporter -->
<testsuite hostname="AELPT-0910" failures="0" tests="6" name="com.ae.qa.testcases.SecurityQuestionsPageTest" time="243.556" errors="0" timestamp="2023-08-29T19:32:10 IST" skipped="0">
  <testcase classname="com.ae.qa.testcases.SecurityQuestionsPageTest" name="validateSkipQuesTest" time="31.970"/>
  <system-out>
    <![CDATA[User log in Successfully
User skipped the set security question and navigated to Home Tab]]>
  </system-out>
  <testcase classname="com.ae.qa.testcases.SecurityQuestionsPageTest" name="validateSecurityQuesTest" time="46.355"/>
  <system-out>
    <![CDATA[User log in Successfully
Security questions set successfully]]>
  </system-out>
  <testcase classname="com.ae.qa.testcases.SecurityQuestionsPageTest" name="validateUpdatingSecQuesWithWrongPswdTest" time="40.830"/>
  <system-out>
    <![CDATA[User log in Successfully
Security questions can not be updated due to wrong password]]>
  </system-out>
  <testcase classname="com.ae.qa.testcases.SecurityQuestionsPageTest" name="validateUpdatingSecurityQuesTest" time="38.596"/>
  <system-out>
    <![CDATA[User log in Successfully
Security questions updated successfully]]>
  </system-out>
  <testcase classname="com.ae.qa.testcases.SecurityQuestionsPageTest" name="validateSkipThenSetQuesTest" time="54.501"/>
  <system-out>
    <![CDATA[User changed first time password of sysadmin Successfully
User log in Successfully
User first skip the security question and then set security questions successfully]]>
  </system-out>
  <testcase classname="com.ae.qa.testcases.SecurityQuestionsPageTest" name="validateSecurityQuestionsPageTest" time="31.304"/>
  <system-out>
    <![CDATA[User log in Successfully
Actual page title displayed on screen is: Reset Security Questions and Expected page title is: Reset Security Questions
Respective Page is clicked and appropriate page is loaded properly]]>
  </system-out>
</testsuite> <!-- com.ae.qa.testcases.SecurityQuestionsPageTest -->
