<?xml version="1.0" encoding="UTF-8"?>
<!-- Generated by org.testng.reporters.JUnitReportReporter -->
<testsuite hostname="AELPT-0910" failures="0" tests="6" name="com.ae.qa.tests.TenantAdmin.AuditLogsPageTestTA" time="270.061" errors="0" timestamp="2024-06-06T17:00:00 IST" skipped="0">
  <testcase classname="com.ae.qa.tests.TenantAdmin.AuditLogsPageTestTA" name="validatedownloadingAuditLogsTA" time="45.439"/>
  <system-out>
    <![CDATA[User logged in successfully
Clicked on logs tab
Clicked on Audit logs tab
Clicked the download button
Audit logs download started Successfully
User signed out successfully]]>
  </system-out>
  <testcase classname="com.ae.qa.tests.TenantAdmin.AuditLogsPageTestTA" name="validatecheckColumnsInAuditLogsTA" time="26.135"/>
  <system-out>
    <![CDATA[User logged in successfully
Clicked on Audit logs tab
All Column got displayed in records after Checking select All checkbox.
User signed out successfully]]>
  </system-out>
  <testcase classname="com.ae.qa.tests.TenantAdmin.AuditLogsPageTestTA" name="validatedeselectAllInAuditLogsTA" time="24.120"/>
  <system-out>
    <![CDATA[User logged in successfully
Clicked on Audit logs tab
Select All Checkbox is not already selected, Hence selected twice to deselect it.
Selected count of No. of colums 1
Total No of columns in table: 1
Field of Columns: Entity
Column Value found
All Options got deselected except Entity and ObjectId.
User signed out successfully]]>
  </system-out>
  <testcase classname="com.ae.qa.tests.TenantAdmin.AuditLogsPageTestTA" name="verifySpecificColumnTestTA" time="20.629"/>
  <system-out>
    <![CDATA[User logged in successfully
Clicked on Audit logs tab
Select All Checkbox is not already selected, Hence selected twice to deselect it.
Field of Columns: Entity
Field of Columns: Description
Field of Columns: Source
Column Value found
All columns selected found in table with Entity and ObjectId.
User signed out successfully]]>
  </system-out>
  <testcase classname="com.ae.qa.tests.TenantAdmin.AuditLogsPageTestTA" name="validateAuditLogsPageTATest" time="18.241"/>
  <system-out>
    <![CDATA[User log in Successfully
Actual page title displayed on screen is: Audit Logs and Expected page title is: Audit Logs
Respective Page is clicked and appropriate page is loaded properly
User signed out successfully]]>
  </system-out>
  <testcase classname="com.ae.qa.tests.TenantAdmin.AuditLogsPageTestTA" name="validateServerLogsTabTenantAdminTest" time="135.497"/>
  <system-out>
    <![CDATA[User log in Successfully
User signed out successfully]]>
  </system-out>
</testsuite> <!-- com.ae.qa.tests.TenantAdmin.AuditLogsPageTestTA -->
