<?xml version="1.0" encoding="UTF-8"?>
<!-- Generated by org.testng.reporters.JUnitReportReporter -->
<testsuite hostname="AELPT-0910" failures="0" tests="4" name="com.ae.qa.tests.TenantAdmin.TenantUsersPageTestTA" time="157.580" errors="0" timestamp="2024-07-01T11:46:59 IST" skipped="0">
  <testcase classname="com.ae.qa.tests.TenantAdmin.TenantUsersPageTestTA" name="ValidateCreatingWorkflowAdminTest" time="43.011"/>
  <system-out>
    <![CDATA[User log in Successfully
started creating new Workflow Admin
Workflow Admin is created successfully
Workflow Admin created successfully
User signed out successfully]]>
  </system-out>
  <testcase classname="com.ae.qa.tests.TenantAdmin.TenantUsersPageTestTA" name="ValidateCreatingTenantAdminTest" time="38.252"/>
  <system-out>
    <![CDATA[User log in Successfully
started creating new Admin
Admin is created successfully
Admin created successfully
User signed out successfully]]>
  </system-out>
  <testcase classname="com.ae.qa.tests.TenantAdmin.TenantUsersPageTestTA" name="ValidateCreatingUserAdminTest" time="37.365"/>
  <system-out>
    <![CDATA[User log in Successfully
started creating new User Admin
User Admin is created successfully
User Admin created successfully
User signed out successfully]]>
  </system-out>
  <testcase classname="com.ae.qa.tests.TenantAdmin.TenantUsersPageTestTA" name="ValidateCreatingTenantUserTest" time="38.952"/>
  <system-out>
    <![CDATA[User log in Successfully
started creating new Tenant
User is created successfully
User created successfully
User signed out successfully]]>
  </system-out>
</testsuite> <!-- com.ae.qa.tests.TenantAdmin.TenantUsersPageTestTA -->
